2026-07-11 10:35:38,353 [INFO] [ENV] loaded local env file(s): .env.dev.local, .env.local
2026-07-11 10:35:38,356 [INFO] [HF-INIT] token=SET rerank=False board_rerank=False model=intfloat/multilingual-e5-large
2026-07-11 10:35:38,383 [INFO] [EVAL-FEEDBACK] loaded selection guardrails from docs/evals/latest-selection-feedback.json
2026-07-11 10:35:38,393 [INFO] [BUILD] local-dryrun-20260709
2026-07-11 10:35:38,397 [INFO] [LOCAL DRY RUN] output root: C:\Users\reonw\Documents\GitHub\agri-news-brief\tmp\fresh-recall-0709
2026-07-11 10:35:39,151 [INFO] [MAINT] rebuild_date 2026-07-09 window: 2026-07-08T06:00:00+09:00 ~ 2026-07-09T06:00:00+09:00
2026-07-11 10:45:49,188 [WARNING] Retrying (Retry(total=0, connect=1, read=1, redirect=None, status=None)) after connection broken by 'SSLError(SSLCertVerificationError(1, '[SSL: CERTIFICATE_VERIFY_FAILED] certificate verify failed: unable to get local issuer certificate (_ssl.c:1077)'))': /Home/BBSView.mbz?action=MAPP_0000000033&schIdx=8050
2026-07-11 10:46:14,726 [WARNING] Retrying (Retry(total=0, connect=1, read=1, redirect=None, status=None)) after connection broken by 'SSLError(SSLCertVerificationError(1, '[SSL: CERTIFICATE_VERIFY_FAILED] certificate verify failed: unable to get local issuer certificate (_ssl.c:1077)'))': /adboard/NewsView83538
2026-07-11 10:46:50,115 [INFO] [BODY-CRAWL] enriched 440/465 articles with full body text
2026-07-11 10:47:28,326 [INFO] [BODY-CRAWL] rescored 431 articles after body enrichment
2026-07-11 10:47:28,398 [INFO] [OVERRIDE1] supply-horti-protect: kept in supply title=강원 화천농협, 원예농가 91곳 대상 생육관리 약제 무상 지원
2026-07-11 10:47:28,420 [INFO] [OVERRIDE1] supply-price-collapse-protect: kept in supply title=7월 과일류 농업관측
2026-07-11 10:47:28,421 [INFO] [OVERRIDE1] supply-horti-protect: kept in supply title=7월 과일류 농업관측
2026-07-11 10:47:28,473 [INFO] [OVERRIDE1] supply-price-collapse-protect: kept in supply title=강호동 농협 회장, 강서공판장 찾아 농산물 수급 점검
2026-07-11 10:47:28,474 [INFO] [OVERRIDE1] supply-horti-protect: kept in supply title=강호동 농협 회장, 강서공판장 찾아 농산물 수급 점검
2026-07-11 10:47:28,783 [INFO] [OVERRIDE1] supply-price-collapse-protect: kept in supply title=청주경실련 "농산물값 폭락 대책 마련하라" 성명
2026-07-11 10:47:28,794 [INFO] [OVERRIDE1] supply-horti-protect: kept in supply title=청주경실련 "농산물값 폭락 대책 마련하라" 성명
2026-07-11 10:47:28,894 [INFO] [OVERRIDE1] supply-horti-protect: kept in supply title=농산물 가격 폭락에 농민 울분…정부, 경영 안정 위해 '총력 대응'
2026-07-11 10:47:29,006 [INFO] [OVERRIDE1] supply-price-collapse-protect: kept in supply title=“7억 통큰 지원”….농산물 상생마케팅 할인행사 ‘호평’
2026-07-11 10:47:29,007 [INFO] [OVERRIDE1] supply-horti-protect: kept in supply title=“7억 통큰 지원”….농산물 상생마케팅 할인행사 ‘호평’
2026-07-11 10:47:29,224 [INFO] [OVERRIDE1] supply-price-collapse-protect: kept in supply title="농자재값 폭등·농산물 가격 폭락, 이대로는 다 죽는다"
2026-07-11 10:47:29,234 [INFO] [OVERRIDE1] supply-horti-protect: kept in supply title="농자재값 폭등·농산물 가격 폭락, 이대로는 다 죽는다"
2026-07-11 10:47:29,837 [INFO] [OVERRIDE1] supply-horti-protect: kept in supply title=사막서 키운 韓 딸기 , UAE 간다…260만달러 스마트팜 수출
2026-07-11 10:47:30,279 [INFO] [OVERRIDE1] supply-price-collapse-protect: kept in supply title=수입농산물 관리 민관협의체 출범
2026-07-11 10:47:30,288 [INFO] [OVERRIDE1] supply-horti-protect: kept in supply title=수입농산물 관리 민관협의체 출범
2026-07-11 10:47:30,426 [INFO] [OVERRIDE1] supply-horti-protect: kept in supply title=[2금융 뉴스브리핑] 농협경제지주 '농산물 상생마케팅' 행사 실시
2026-07-11 10:47:30,516 [INFO] [OVERRIDE1] supply-price-collapse-protect: kept in supply title=청주경실련 "농산물 가격 폭락 따른 대책 마련" 촉구
2026-07-11 10:47:30,518 [INFO] [OVERRIDE1] supply-horti-protect: kept in supply title=청주경실련 "농산물 가격 폭락 따른 대책 마련" 촉구
2026-07-11 10:47:30,592 [INFO] [OVERRIDE1] supply-horti-protect: kept in supply title=[오늘의 전시] 꽃향기 따라 머무는 선조들의 정원, 국립농업박물관 ‘손...
2026-07-11 10:47:31,733 [INFO] [OVERRIDE1] supply-price-collapse-protect: kept in supply title="수박 껍질 사절"… 장바구니 쓸어담는 '남이 깎아준 과일'
2026-07-11 10:47:31,744 [INFO] [OVERRIDE1] supply-horti-protect: kept in supply title="수박 껍질 사절"… 장바구니 쓸어담는 '남이 깎아준 과일'
2026-07-11 10:47:31,943 [INFO] [OVERRIDE1] supply-horti-protect: kept in supply title=진주시, 2027년 시설원예 국비지원 접수 개시
2026-07-11 10:47:31,988 [INFO] [OVERRIDE1] supply-price-collapse-protect: kept in supply title=[유통가] 이마트, 이마트24, 배스킨라빈스, 던킨
2026-07-11 10:47:31,989 [INFO] [OVERRIDE1] supply-horti-protect: kept in supply title=[유통가] 이마트, 이마트24, 배스킨라빈스, 던킨
2026-07-11 10:47:32,004 [INFO] [OVERRIDE1] supply-horti-protect: kept in supply title=1조 규모 대마 신약, 한국은 규제 장벽에 복제약도 '언감생심'
2026-07-11 10:47:32,578 [INFO] [OVERRIDE1] supply-price-collapse-protect: kept in dist title=7월 과일류 농업관측
2026-07-11 10:47:32,579 [INFO] [OVERRIDE1] supply-horti-protect: kept in dist title=7월 과일류 농업관측
2026-07-11 10:47:32,821 [INFO] [OVERRIDE1] supply-price-collapse-protect: kept in dist title=강호동 농협 회장, 강서 공판장 찾아 농산물 수급 점검
2026-07-11 10:47:32,821 [INFO] [OVERRIDE1] supply-horti-protect: kept in dist title=강호동 농협 회장, 강서 공판장 찾아 농산물 수급 점검
2026-07-11 10:47:32,941 [INFO] [OVERRIDE1] supply-horti-protect: kept in dist title=농협 중앙회, 감사 독립·퇴직자 재취업 제한 추진
2026-07-11 10:47:33,213 [INFO] [OVERRIDE1] supply-price-collapse-protect: kept in dist title=수입농산물 관리 민관협의체 출범
2026-07-11 10:47:33,214 [INFO] [OVERRIDE1] supply-horti-protect: kept in dist title=수입농산물 관리 민관협의체 출범
2026-07-11 10:47:34,555 [INFO] [OVERRIDE1] supply-horti-protect: kept in dist title=농협 , 고강도 쇄신 드라이브…지배구조 개편·농가 지원 확대
2026-07-11 10:47:35,960 [INFO] [REBALANCE] moved 12 item(s) from policy -> supply/dist (retail-trend + NH-field)
2026-07-11 10:47:42,929 [INFO] [REBALANCE] moved 65 item(s) by policy-like override: -> policy
2026-07-11 10:47:42,936 [INFO] [SUPPLY CLEAN] removed 26 non-horti article(s) from supply
2026-07-11 10:48:25,085 [INFO] [REASSIGN] moved 69 item(s) by global rescoring
2026-07-11 10:48:25,878 [INFO] [REBALANCE] moved 2 pest-context item(s): policy -> pest
2026-07-11 10:48:45,070 [INFO] [AUDIT] drop section=supply reason=supply_market_ops_not_supply title=대관령원예농협, 산지공판장 초매식 개최
2026-07-11 10:48:45,083 [INFO] [AUDIT] drop section=supply reason=supply_market_ops_not_supply title=7월 과일류 농업관측
2026-07-11 10:49:14,929 [INFO] [REBALANCE] promoted 1 program-core board story(s) into final supply
2026-07-11 10:49:14,940 [INFO] [AUDIT] drop section=supply reason=supply_reader_role_misfit title=검역본부, 국산 토마토 일본 수출 걸림돌 해소
2026-07-11 10:49:15,074 [INFO] [AUDIT] pruned 1 final item(s) after section normalization
2026-07-11 10:49:16,481 [INFO] [REBALANCE] recovered 3 supply underfill item(s) from raw pool
2026-07-11 10:49:18,175 [INFO] [REBALANCE] promoted 1 priority policy item(s) to core
2026-07-11 10:49:19,412 [INFO] [REBALANCE] promoted 1 hard-metric dist logistics core item(s)
2026-07-11 10:49:20,467 [INFO] [REBALANCE] replaced 1 weak pest tail item(s)
2026-07-11 10:49:20,502 [INFO] [REBALANCE] dropped 1 final weak policy tail item(s)
2026-07-11 10:49:24,778 [INFO] [REBALANCE] recovered 1 preferred-count tail item(s) from raw pool
2026-07-11 10:49:32,497 [INFO] [REBALANCE] editorial tail guard replaced supply=1 policy=2 dist=1 item(s)
2026-07-11 10:49:33,639 [INFO] [REBALANCE] final pest direct-gap guard repaired 2 item(s)
2026-07-11 10:49:34,396 [INFO] [REBALANCE] final pest diversity guard repaired 1 item(s)
2026-07-11 10:49:34,409 [INFO] [AUDIT] drop section=supply reason=selection_feedback_low_fit title=아티제, 여름 시즌 겨냥 ‘시그니처 애플망고 생크림 케이크’ 출시
2026-07-11 10:49:34,462 [INFO] [AUDIT] drop section=dist reason=macro_industry_not_horti title=aT, 온라인 도매시장 물류 효율화…4대 권역에 거점 구축
2026-07-11 10:49:34,515 [INFO] [REBALANCE] final quality sweep pruned 2 residual item(s)
2026-07-11 10:49:44,198 [INFO] [AUDIT] drop section=supply reason=fit_near_zero fit=-0.57 score=38.96 core=False title=사막서 키운 韓 딸기, UAE 간다…260만달러 스마트팜 수출
2026-07-11 10:49:44,320 [INFO] [REBALANCE] post-sweep refilled 3 item(s), cleaned dupes=0 hard=0 audit=1
2026-07-11 10:49:45,152 [INFO] [REBALANCE] final relaxed preferred-count refill added 2 item(s), audit=0
2026-07-11 10:49:48,500 [INFO] [REBALANCE] publish quality guard repaired supply=1 policy=2 dist=1, refilled dist=0, supply-core=3, dist-core=1
2026-07-11 10:50:00,468 [INFO] [REBALANCE] final publish editorial selection repaired 11 visible card(s)
2026-07-11 10:50:00,714 [INFO] [AUDIT] drop section=supply reason=fit_near_zero fit=-1.25 score=21.16 core=False title="반의 반 값 농산물 에 분통"…'7.7 전국농민대회'에 1400명 운집
2026-07-11 10:50:00,718 [INFO] [AUDIT] drop section=supply reason=selection_feedback_low_fit title=아티제, 여름 시즌 겨냥 ‘시그니처 애플망고 생크림 케이크’ 출시
2026-07-11 10:50:00,754 [INFO] [AUDIT] drop section=dist reason=macro_industry_not_horti title=aT, 온라인 도매시장 물류 효율화…4대 권역에 거점 구축
2026-07-11 10:50:10,868 [INFO] [REBALANCE] post-publish final hard sweep pruned=0/0 refilled=0/3 audit=3/0
2026-07-11 10:50:12,178 [INFO] [REBALANCE] post-publish editorial follow-up repaired 6 card/core target(s)
2026-07-11 10:50:23,454 [INFO] [REBALANCE] post-followup structural quality repaired 1 visible card(s)
2026-07-11 10:50:23,470 [INFO] [FINAL-EVENT-DEDUP] reason=same_online_market_logistics_program keep=[dist] 산지-소비지 직배송 바꾼다… 온라인도매시장 물류혁신 본격화 | drop=[dist] 온라인 도매시장 , 4대 권역 거점물류센터 구축…물류 효율화
2026-07-11 10:50:23,527 [INFO] [FINAL-EVENT-DEDUP-REFILL] section=dist title=지역경제 선도하는 품목농협 - 광주원예 농협
2026-07-11 10:50:23,541 [INFO] [REBALANCE] final event-level dedupe removed=1 refilled=1
2026-07-11 10:50:23,575 [INFO] [FINAL-DOMAIN-CAP] section=pest swap out=[wonyesanup.co.kr] 농사포인트 - 사과 갈색무늬병 16~28℃ 수분존재 시간 길어질수록 발생... | in=[jeonmae.co.kr] 고창군, 농작물 병해충 방제사업 순항
2026-07-11 10:50:23,742 [INFO] [FINAL-DOMAIN-CAP] section=dist swap out=[wonyesanup.co.kr] 지역경제 선도하는 품목농협 - 광주원예 농협 | in=[newspost.kr] 강호동 농협중앙회장 " 농산물 선제적 수급관리로 물가안정 기여"
2026-07-11 10:50:23,983 [INFO] [FINAL-DOMAIN-CAP] section=dist swap out=[wonyesanup.co.kr] ’26년 가락시장 등 하계 휴업일 안내 | in=[idsn.co.kr] 부산시, 상반기 경매 ·유통 농산물 2404건 검사...99.6% 안전기준 적합
2026-07-11 10:50:23,985 [INFO] [REBALANCE] final domain diversity swapped 3 card(s)
2026-07-11 10:50:24,263 [INFO] [FINAL-SOURCE-QUALITY] section=dist dropped excess tier1 without qualified replacement: 부산시, 상반기 경매 ·유통 농산물 2404건 검사...99.6% 안전기준 적합
2026-07-11 10:50:24,559 [INFO] [FINAL-SOURCE-QUALITY] section=dist dropped excess tier1 without qualified replacement: 강호동 농협중앙회장 " 농산물 선제적 수급관리로 물가안정 기여"
2026-07-11 10:50:24,801 [INFO] [FINAL-SOURCE-QUALITY] section=policy dropped excess tier1 without qualified replacement: 농식품부, 농가 경영 안정 을 위해 총력 대응
2026-07-11 10:50:24,835 [INFO] [FINAL-SOURCE-QUALITY] section=pest dropped excess tier1 without qualified replacement: 고창군, 농작물 병해충 방제사업 순항
2026-07-11 10:50:24,862 [INFO] [FINAL-SOURCE-QUALITY] section=pest dropped excess tier1 without qualified replacement: 고창군, 주요 농작물 병해충 선제 방제 순항…"청정 고창 사수 총력"
2026-07-11 10:50:24,927 [INFO] [REBALANCE] final source quality changed=5
2026-07-11 10:50:35,157 [INFO] [FINAL-SOURCE-QUALITY] section=pest dropped excess tier1 without qualified replacement: 고창군, 돌발해충·탄저병 등 방제 약제 농가 공급
2026-07-11 10:50:43,835 [INFO] [REBALANCE] final reader quality changed=15 dedupe=0/0 source=1 reassert=8
2026-07-11 10:50:43,851 [INFO] [FINAL-CORE-DEMOTE] section=dist reason=dist_market_ceremony_core title=대관령원예농협, 산지공판장 초매식 개최
2026-07-11 10:50:43,988 [INFO] [FINAL-CORE-REPAIR] section=dist title=’26년 가락시장 등 하계 휴업일 안내
2026-07-11 10:50:43,999 [INFO] [REBALANCE] final soft-news core gate changed 2 core badge(s)
2026-07-11 10:50:51,536 [INFO] [REPLAY] snapshot saved: C:\Users\reonw\Documents\GitHub\agri-news-brief\tmp\fresh-recall-0709\main\.agri_replay\2026-07-09.snapshot.json
2026-07-11 10:50:51,551 [INFO] [STAGE] maintenance_publish start elapsed=913.2s {'action': 'maintenance rebuild_date', 'report_date': '2026-07-09'}
2026-07-11 10:50:51,552 [INFO] [STAGE] maintenance_publish_list_archives start elapsed=913.2s 
2026-07-11 10:50:51,704 [INFO] [STAGE] maintenance_publish_list_archives done elapsed=913.3s {'archive_count': 129}
2026-07-11 10:50:51,714 [INFO] [STAGE] maintenance_publish_render start elapsed=913.4s 
2026-07-11 10:50:53,187 [INFO] [STAGE] maintenance_publish_render done elapsed=914.8s {'html_bytes': 290241}
2026-07-11 10:50:53,188 [INFO] [STAGE] maintenance_publish_archive start elapsed=914.8s {'path': 'docs/archive/2026-07-09.html'}
2026-07-11 10:51:01,135 [INFO] [LOCAL DRY RUN] write C:\Users\reonw\Documents\GitHub\agri-news-brief\tmp\fresh-recall-0709\main\docs\archive\2026-07-09.html
2026-07-11 10:51:01,145 [INFO] [MAINT PUT] docs/archive/2026-07-09.html
2026-07-11 10:51:01,146 [INFO] [STAGE] maintenance_publish_archive done elapsed=922.8s {'path': 'docs/archive/2026-07-09.html'}
2026-07-11 10:51:01,146 [INFO] [STAGE] maintenance_publish_debug start elapsed=922.8s {'path': 'docs/debug/2026-07-09.json'}
2026-07-11 10:51:01,147 [INFO] [STAGE] maintenance_publish_fast_exit done elapsed=922.8s {'reason': 'local_dry_run_after_archive'}
2026-07-11 10:51:01,158 [INFO] [LOCAL DRY RUN] write C:\Users\reonw\Documents\GitHub\agri-news-brief\tmp\fresh-recall-0709\main\docs\debug\2026-07-09.json
2026-07-11 10:51:01,159 [INFO] [MAINT PUT] docs/debug/2026-07-09.json
2026-07-11 10:51:01,159 [INFO] [STAGE] maintenance_publish_debug done elapsed=922.8s {'path': 'docs/debug/2026-07-09.json'}
2026-07-11 10:51:01,160 [INFO] [LOCAL DRY RUN] fast exit after archive/debug publish; set LOCAL_DRY_RUN_FAST_EXIT_AFTER_ARCHIVE=0 to run index/manifest follow-up
