2026-07-12 00:46:23,409 [INFO] [ENV] loaded local env file(s): .env.dev.local, .env.local
2026-07-12 00:46:23,482 [INFO] [HF-INIT] token=SET rerank=True board_rerank=True model=intfloat/multilingual-e5-large
2026-07-12 00:46:23,577 [INFO] [EVAL-FEEDBACK] loaded selection guardrails from docs/evals/latest-selection-feedback.json
2026-07-12 00:46:23,645 [INFO] [BUILD] local-replay-20260709
2026-07-12 00:46:23,725 [INFO] [LOCAL DRY RUN] output root: C:\Users\reonw\Documents\GitHub\agri-news-brief\tmp\fresh-replay6-0709
2026-07-12 00:46:23,866 [INFO] [REPLAY] loaded snapshot: C:\Users\reonw\Documents\GitHub\agri-news-brief\tmp\fresh-recall-0709\main\.agri_replay\2026-07-09.snapshot.json
2026-07-12 00:47:29,138 [INFO] [REPLAY] rescored 410 article(s) with current scoring logic
2026-07-12 00:47:29,694 [INFO] [OVERRIDE1] supply-horti-protect: kept in supply title=강원 화천농협, 원예농가 91곳 대상 생육관리 약제 무상 지원
2026-07-12 00:47:29,735 [INFO] [OVERRIDE1] supply-price-collapse-protect: kept in supply title=7월 과일류 농업관측
2026-07-12 00:47:29,736 [INFO] [OVERRIDE1] supply-horti-protect: kept in supply title=7월 과일류 농업관측
2026-07-12 00:47:29,755 [INFO] [OVERRIDE1] supply-price-collapse-protect: kept in supply title=강호동 농협 회장, 강서공판장 찾아 농산물 수급 점검
2026-07-12 00:47:29,756 [INFO] [OVERRIDE1] supply-horti-protect: kept in supply title=강호동 농협 회장, 강서공판장 찾아 농산물 수급 점검
2026-07-12 00:47:29,909 [INFO] [OVERRIDE1] supply-horti-protect: kept in supply title=농산물 가격 폭락에 농민 울분…정부, 경영 안정 위해 '총력 대응'
2026-07-12 00:47:30,019 [INFO] [OVERRIDE1] supply-price-collapse-protect: kept in supply title=“7억 통큰 지원”….농산물 상생마케팅 할인행사 ‘호평’
2026-07-12 00:47:30,020 [INFO] [OVERRIDE1] supply-horti-protect: kept in supply title=“7억 통큰 지원”….농산물 상생마케팅 할인행사 ‘호평’
2026-07-12 00:47:30,105 [INFO] [OVERRIDE1] supply-price-collapse-protect: kept in supply title="농자재값 폭등·농산물 가격 폭락, 이대로는 다 죽는다"
2026-07-12 00:47:30,107 [INFO] [OVERRIDE1] supply-horti-protect: kept in supply title="농자재값 폭등·농산물 가격 폭락, 이대로는 다 죽는다"
2026-07-12 00:47:30,170 [INFO] [OVERRIDE1] supply-horti-protect: kept in supply title=사막서 키운 韓 딸기 , UAE 간다…260만달러 스마트팜 수출
2026-07-12 00:47:30,258 [INFO] [OVERRIDE1] supply-price-collapse-protect: kept in supply title=수입농산물 관리 민관협의체 출범
2026-07-12 00:47:30,259 [INFO] [OVERRIDE1] supply-horti-protect: kept in supply title=수입농산물 관리 민관협의체 출범
2026-07-12 00:47:30,406 [INFO] [OVERRIDE1] supply-horti-protect: kept in supply title=[2금융 뉴스브리핑] 농협경제지주 '농산물 상생마케팅' 행사 실시
2026-07-12 00:47:30,479 [INFO] [OVERRIDE1] supply-horti-protect: kept in supply title=[오늘의 전시] 꽃향기 따라 머무는 선조들의 정원, 국립농업박물관 ‘손...
2026-07-12 00:47:31,136 [INFO] [OVERRIDE1] supply-price-collapse-protect: kept in supply title="수박 껍질 사절"… 장바구니 쓸어담는 '남이 깎아준 과일'
2026-07-12 00:47:31,146 [INFO] [OVERRIDE1] supply-horti-protect: kept in supply title="수박 껍질 사절"… 장바구니 쓸어담는 '남이 깎아준 과일'
2026-07-12 00:47:31,317 [INFO] [OVERRIDE1] supply-horti-protect: kept in supply title=진주시, 2027년 시설원예 국비지원 접수 개시
2026-07-12 00:47:31,385 [INFO] [OVERRIDE1] supply-horti-protect: kept in supply title=1조 규모 대마 신약, 한국은 규제 장벽에 복제약도 '언감생심'
2026-07-12 00:47:31,506 [INFO] [OVERRIDE1] supply-price-collapse-protect: kept in supply title=청주경실련 " 농산물 가격 폭락 따른 대책 마련" 촉구
2026-07-12 00:47:31,508 [INFO] [OVERRIDE1] supply-horti-protect: kept in supply title=청주경실련 " 농산물 가격 폭락 따른 대책 마련" 촉구
2026-07-12 00:47:31,555 [INFO] [OVERRIDE1] supply-price-collapse-protect: kept in supply title=청주경실련 " 농산물 값 폭락 대책 마련하라" 성명
2026-07-12 00:47:31,556 [INFO] [OVERRIDE1] supply-horti-protect: kept in supply title=청주경실련 " 농산물 값 폭락 대책 마련하라" 성명
2026-07-12 00:47:31,614 [INFO] [OVERRIDE1] supply-price-collapse-protect: kept in dist title=강호동 농협 회장, 강서 공판장 찾아 농산물 수급 점검
2026-07-12 00:47:31,616 [INFO] [OVERRIDE1] supply-horti-protect: kept in dist title=강호동 농협 회장, 강서 공판장 찾아 농산물 수급 점검
2026-07-12 00:47:31,889 [INFO] [OVERRIDE1] supply-price-collapse-protect: kept in dist title=7월 과일류 농업관측
2026-07-12 00:47:31,891 [INFO] [OVERRIDE1] supply-horti-protect: kept in dist title=7월 과일류 농업관측
2026-07-12 00:47:35,436 [INFO] [REBALANCE] moved 6 item(s) from policy -> supply/dist (retail-trend + NH-field)
2026-07-12 00:47:43,279 [INFO] [REBALANCE] moved 14 item(s) by policy-like override: -> policy
2026-07-12 00:47:43,292 [INFO] [SUPPLY CLEAN] removed 1 non-horti article(s) from supply
2026-07-12 00:49:26,493 [INFO] [REASSIGN] moved 34 item(s) by global rescoring
2026-07-12 00:49:27,502 [INFO] [REBALANCE] moved 3 pest-context item(s): policy -> pest
2026-07-12 00:50:12,857 [INFO] [AUDIT] drop section=supply reason=supply_reader_role_misfit title=자식처럼 키운 농산물 제값 찾고 싶은 농민들[금주의 B컷]
2026-07-12 00:50:12,867 [INFO] [AUDIT] drop section=supply reason=supply_reader_role_misfit title=수입농산물 관리 민관협의체 출범
2026-07-12 00:51:39,654 [INFO] [REBALANCE] promoted 2 program-core board story(s) into final supply
2026-07-12 00:51:39,664 [INFO] [AUDIT] drop section=supply reason=supply_reader_role_misfit title=검역본부, 국산 토마토 일본 수출 걸림돌 해소
2026-07-12 00:51:39,667 [INFO] [AUDIT] drop section=supply reason=selection_feedback_core_fit title=배추 저장기술, K-푸드 공급망의 새 변수
2026-07-12 00:51:39,967 [INFO] [AUDIT] pruned 2 final item(s) after section normalization
2026-07-12 00:51:42,938 [INFO] [REBALANCE] recovered 2 supply underfill item(s) from raw pool
2026-07-12 00:51:46,237 [INFO] [REBALANCE] promoted 1 priority policy item(s) to core
2026-07-12 00:51:48,188 [INFO] [REBALANCE] promoted 1 hard-metric dist logistics core item(s)
2026-07-12 00:51:50,215 [INFO] [REBALANCE] replaced 4 weak pest tail item(s)
2026-07-12 00:51:51,796 [INFO] [REBALANCE] replaced 2 duplicate-theme pest tail item(s)
2026-07-12 00:51:51,933 [INFO] [REBALANCE] dropped 1 final weak policy tail item(s)
2026-07-12 00:51:58,105 [INFO] [REBALANCE] dropped 1 weak final tail item(s) after preferred-count recovery
2026-07-12 00:52:13,532 [INFO] [REBALANCE] editorial tail guard replaced supply=1 policy=2 dist=1 item(s)
2026-07-12 00:52:15,829 [INFO] [REBALANCE] final pest direct-gap guard repaired 1 item(s)
2026-07-12 00:52:18,447 [INFO] [REBALANCE] final pest diversity guard repaired 1 item(s)
2026-07-12 00:52:18,486 [INFO] [AUDIT] drop section=supply reason=selection_feedback_low_fit title=아티제, 여름 시즌 겨냥 ‘시그니처 애플망고 생크림 케이크’ 출시
2026-07-12 00:52:18,645 [INFO] [AUDIT] drop section=dist reason=macro_industry_not_horti title=aT, 온라인 도매시장 물류 효율화…4대 권역에 거점 구축
2026-07-12 00:52:18,786 [INFO] [REBALANCE] final quality sweep pruned 2 residual item(s)
2026-07-12 00:52:41,889 [INFO] [AUDIT] drop section=supply reason=fit_near_zero fit=-0.57 score=38.96 core=False title=사막서 키운 韓 딸기, UAE 간다…260만달러 스마트팜 수출
2026-07-12 00:52:42,143 [INFO] [REBALANCE] post-sweep refilled 3 item(s), cleaned dupes=0 hard=0 audit=1
2026-07-12 00:52:44,063 [INFO] [REBALANCE] final relaxed preferred-count refill added 2 item(s), audit=0
2026-07-12 00:52:50,302 [INFO] [REBALANCE] publish quality guard repaired supply=0 policy=2 dist=1, refilled dist=0, supply-core=3, dist-core=1
2026-07-12 00:53:22,734 [INFO] [REBALANCE] final publish editorial selection repaired 9 visible card(s)
2026-07-12 00:53:23,283 [INFO] [AUDIT] drop section=supply reason=fit_near_zero fit=-1.25 score=21.16 core=False title="반의 반 값 농산물에 분통"…'7.7 전국농민대회'에 1400명 운집
2026-07-12 00:53:23,381 [INFO] [AUDIT] drop section=dist reason=macro_industry_not_horti title=aT, 온라인 도매시장 물류 효율화…4대 권역에 거점 구축
2026-07-12 00:53:44,536 [INFO] [REBALANCE] post-publish final hard sweep pruned=0/0 refilled=0/2 audit=2/0
2026-07-12 00:53:46,748 [INFO] [REBALANCE] post-publish editorial follow-up repaired 6 card/core target(s)
2026-07-12 00:54:07,458 [INFO] [REBALANCE] post-followup structural quality repaired 1 visible card(s)
2026-07-12 00:54:07,485 [INFO] [FINAL-EVENT-DEDUP] reason=same_online_market_logistics_program keep=[dist] 산지-소비지 직배송 바꾼다… 온라인도매시장 물류혁신 본격화 | drop=[dist] 온라인 도매시장 , 4대 권역 거점물류센터 구축…물류 효율화
2026-07-12 00:54:07,563 [INFO] [FINAL-EVENT-DEDUP-REFILL] section=dist title=지역경제 선도하는 품목농협 - 광주원예 농협
2026-07-12 00:54:07,590 [INFO] [REBALANCE] final event-level dedupe removed=1 refilled=1
2026-07-12 00:54:07,986 [INFO] [FINAL-DOMAIN-CAP] section=dist swap out=[wonyesanup.co.kr] 지역경제 선도하는 품목농협 - 광주원예 농협 | in=[newspost.kr] 강호동 농협중앙회장 "농산물 선제적 수급 관리로 물가안정 기여"
2026-07-12 00:54:08,546 [INFO] [REBALANCE] final domain diversity swapped 1 card(s)
2026-07-12 00:54:09,009 [INFO] [FINAL-SOURCE-QUALITY] section=dist dropped excess tier1 without qualified replacement: 강호동 농협중앙회장 "농산물 선제적 수급 관리로 물가안정 기여"
2026-07-12 00:54:09,505 [INFO] [FINAL-SOURCE-QUALITY] section=policy dropped excess tier1 without qualified replacement: 농식품부, 농가 경영 안정 을 위해 총력 대응
2026-07-12 00:54:09,547 [INFO] [FINAL-SOURCE-QUALITY] section=pest dropped excess tier1 without qualified replacement: 장수군, 장마철 농작물 병해충 방제 및 농작물 관리 당부
2026-07-12 00:54:09,548 [INFO] [REBALANCE] final source quality changed=3
2026-07-12 00:54:41,786 [INFO] [REBALANCE] final reader quality changed=16 dedupe=0/0 source=0 reassert=4
2026-07-12 00:54:41,804 [INFO] [FINAL-CORE-DEMOTE] section=dist reason=dist_market_ceremony_core title=대관령원예농협, 산지공판장 초매식 개최
2026-07-12 00:54:41,911 [INFO] [FINAL-CORE-REPAIR] section=dist title=’26년 가락시장 등 하계 휴업일 안내
2026-07-12 00:54:41,914 [INFO] [FINAL-CORE-DEMOTE] section=pest reason=low_rank_core_swap title=농사포인트 - 사과 갈색무늬병 16~28℃ 수분존재 시간 길어질수록 발생...
2026-07-12 00:54:41,932 [INFO] [FINAL-CORE-REPAIR] section=pest title=고창군, 주요 농작물 병해충 선제 방제 순항…"청정 고창 사수 총력"
2026-07-12 00:54:41,933 [INFO] [REBALANCE] final soft-news core gate changed 4 core badge(s)
2026-07-12 00:54:41,957 [INFO] [MAINT] replay_date 2026-07-09 window: 2026-07-08T06:00:00+09:00 ~ 2026-07-09T06:00:00+09:00
2026-07-12 00:54:41,958 [INFO] [STAGE] maintenance_publish start elapsed=498.5s {'action': 'maintenance replay_date', 'report_date': '2026-07-09'}
2026-07-12 00:54:41,958 [INFO] [STAGE] maintenance_publish_list_archives start elapsed=498.5s 
2026-07-12 00:54:42,155 [INFO] [STAGE] maintenance_publish_list_archives done elapsed=498.7s {'archive_count': 129}
2026-07-12 00:54:42,156 [INFO] [STAGE] maintenance_publish_render start elapsed=498.7s 
2026-07-12 00:54:50,403 [INFO] [HF] commodity board pre-cached 19 profiles (dim=1024)
2026-07-12 00:55:42,296 [WARNING] [HF] commodity board API failed 1 times, giving up after pear
2026-07-12 00:55:42,847 [INFO] [STAGE] maintenance_publish_render done elapsed=559.4s {'html_bytes': 295357}
2026-07-12 00:55:42,848 [INFO] [STAGE] maintenance_publish_archive start elapsed=559.4s {'path': 'docs/archive/2026-07-09.html'}
2026-07-12 00:56:00,219 [INFO] [LOCAL DRY RUN] write C:\Users\reonw\Documents\GitHub\agri-news-brief\tmp\fresh-replay6-0709\main\docs\archive\2026-07-09.html
2026-07-12 00:56:00,219 [INFO] [MAINT PUT] docs/archive/2026-07-09.html
2026-07-12 00:56:00,220 [INFO] [STAGE] maintenance_publish_archive done elapsed=576.7s {'path': 'docs/archive/2026-07-09.html'}
2026-07-12 00:56:00,220 [INFO] [STAGE] maintenance_publish_debug start elapsed=576.7s {'path': 'docs/debug/2026-07-09.json'}
2026-07-12 00:56:00,221 [INFO] [STAGE] maintenance_publish_fast_exit done elapsed=576.7s {'reason': 'local_dry_run_after_archive'}
2026-07-12 00:56:00,239 [INFO] [LOCAL DRY RUN] write C:\Users\reonw\Documents\GitHub\agri-news-brief\tmp\fresh-replay6-0709\main\docs\debug\2026-07-09.json
2026-07-12 00:56:00,240 [INFO] [MAINT PUT] docs/debug/2026-07-09.json
2026-07-12 00:56:00,240 [INFO] [STAGE] maintenance_publish_debug done elapsed=576.8s {'path': 'docs/debug/2026-07-09.json'}
2026-07-12 00:56:00,241 [INFO] [LOCAL DRY RUN] fast exit after archive/debug publish; set LOCAL_DRY_RUN_FAST_EXIT_AFTER_ARCHIVE=0 to run index/manifest follow-up
