#< CLIXML
2026-07-12 07:33:05,115 [INFO] [ENV] loaded local env file(s): .env.dev.local, .env.local
2026-07-12 07:33:05,119 [INFO] [HF-INIT] token=SET rerank=True board_rerank=False model=intfloat/multilingual-e5-large
2026-07-12 07:33:05,149 [INFO] [EVAL-FEEDBACK] loaded selection guardrails from docs/evals/latest-selection-feedback.json
2026-07-12 07:33:05,160 [INFO] [BUILD] local-replay4-20260707
2026-07-12 07:33:05,162 [INFO] [LOCAL DRY RUN] output root: C:\Users\reonw\Documents\GitHub\agri-news-brief\tmp\replay-final4-20260707
2026-07-12 07:33:05,206 [INFO] [REPLAY] loaded snapshot: C:\Users\reonw\Documents\GitHub\agri-news-brief\docs\replay\2026-07-07.snapshot.json
2026-07-12 07:34:15,789 [INFO] [REPLAY] rescored 496 article(s) with current scoring logic
2026-07-12 07:34:15,987 [INFO] [OVERRIDE1] supply-price-collapse-protect: kept in supply title=여름 과일값 숨통 트이나…복숭아· 포도 생산 늘며 가격 하락 전망
2026-07-12 07:34:15,988 [INFO] [OVERRIDE1] supply-horti-protect: kept in supply title=여름 과일값 숨통 트이나…복숭아· 포도 생산 늘며 가격 하락 전망
2026-07-12 07:34:16,030 [INFO] [OVERRIDE1] supply-horti-protect: kept in supply title=여름배추 수급 , 선제 대응
2026-07-12 07:34:16,076 [INFO] [OVERRIDE1] supply-horti-protect: kept in supply title="생산비 폭등·농산물값 폭락 더는 못 버틴다"
2026-07-12 07:34:16,199 [INFO] [OVERRIDE1] supply-horti-protect: kept in supply title=경남 농가, 400만t 중국 단감시장 진출 '예약'
2026-07-12 07:34:16,295 [INFO] [OVERRIDE1] supply-horti-protect: kept in supply title=‘AI가 참외밭에 물주고 환기까지’···경북, 자율재배 서비스 상용화
2026-07-12 07:34:16,439 [INFO] [OVERRIDE1] supply-horti-protect: kept in supply title=' 토마토 달걀 볶음' 한 접시에 11만원…中 식당, 바가지 논란
2026-07-12 07:34:16,805 [INFO] [OVERRIDE1] supply-price-collapse-protect: kept in supply title=농자재값 폭등과 농산물 가격 폭락에 신음하는 농민들, 시민과 함께 광...
2026-07-12 07:34:16,806 [INFO] [OVERRIDE1] supply-horti-protect: kept in supply title=농자재값 폭등과 농산물 가격 폭락에 신음하는 농민들, 시민과 함께 광...
2026-07-12 07:34:16,966 [INFO] [OVERRIDE1] supply-price-collapse-protect: kept in supply title=“여름 급식에 양송이버섯·애호박 요리 추천”
2026-07-12 07:34:17,055 [INFO] [OVERRIDE1] supply-horti-protect: kept in supply title=농어촌공사, 알제리 씨 감자 연구 역량 강화해 ‘ 감자 외교’ 이어간다
2026-07-12 07:34:17,674 [INFO] [OVERRIDE1] supply-price-collapse-protect: kept in supply title=농협손보, ‘지역사회 릴레이 양파 나눔 캠페인’ 전개
2026-07-12 07:34:17,675 [INFO] [OVERRIDE1] supply-horti-protect: kept in supply title=농협손보, ‘지역사회 릴레이 양파 나눔 캠페인’ 전개
2026-07-12 07:34:18,140 [INFO] [OVERRIDE1] supply-horti-protect: kept in supply title=[최석현의 충청 속 세계]일본의 쌀 소동, 농산물 유통 구조 재편을 묻는...
2026-07-12 07:34:18,174 [INFO] [OVERRIDE1] supply-horti-protect: kept in supply title=옥천군농업기술센터, 이상기후 대응 ‘고품질 포도 생산’ 맞춤형 교육...
2026-07-12 07:34:18,300 [INFO] [OVERRIDE1] supply-price-collapse-protect: kept in supply title=김세훈 화천군수, 가락시장서 농산물 세일즈
2026-07-12 07:34:18,301 [INFO] [OVERRIDE1] supply-horti-protect: kept in supply title=김세훈 화천군수, 가락시장서 농산물 세일즈
2026-07-12 07:34:18,478 [INFO] [OVERRIDE1] supply-price-collapse-protect: kept in dist title=김세훈 화천군수, 가락시장서 농산물 세일즈
2026-07-12 07:34:18,479 [INFO] [OVERRIDE1] supply-horti-protect: kept in dist title=김세훈 화천군수, 가락시장서 농산물 세일즈
2026-07-12 07:34:18,752 [INFO] [OVERRIDE1] supply-price-collapse-protect: kept in dist title=농산물 값 하락에… 화천군수 직접 세일즈
2026-07-12 07:34:18,753 [INFO] [OVERRIDE1] supply-horti-protect: kept in dist title=농산물 값 하락에… 화천군수 직접 세일즈
2026-07-12 07:34:18,874 [INFO] [OVERRIDE1] supply-horti-protect: kept in dist title="생산비 폭등·농산물값 폭락 더는 못 버틴다"
2026-07-12 07:34:18,958 [INFO] [OVERRIDE1] supply-price-collapse-protect: kept in dist title=여름 과일값 숨통 트이나…복숭아· 포도 생산 늘며 가격 하락 전망
2026-07-12 07:34:18,959 [INFO] [OVERRIDE1] supply-horti-protect: kept in dist title=여름 과일값 숨통 트이나…복숭아· 포도 생산 늘며 가격 하락 전망
2026-07-12 07:34:20,654 [INFO] [REBALANCE] moved 7 item(s) from policy -> supply/dist (retail-trend + NH-field)
2026-07-12 07:34:26,271 [INFO] [REBALANCE] moved 15 item(s) by policy-like override: -> policy
2026-07-12 07:35:32,641 [INFO] [REASSIGN] moved 29 item(s) by global rescoring
2026-07-12 07:36:28,230 [INFO] [AUDIT] drop section=supply reason=agri_crime_incident_tail title="첫 수확도 못했는데‥" 농산물 절도 기승
2026-07-12 07:36:49,297 [INFO] [AUDIT] drop section=policy reason=policy_non_agri_foodservice_cost_noise title=유럽 폭염에 올리브유 가격 급등… 국내 치킨값 오르나
2026-07-12 07:37:12,108 [INFO] [AUDIT] drop section=dist reason=dist_reader_role_misfit title=청양군, '전국 유일 S급 프리미엄' 멜론 본격 출하… 올해 15억 매출 기...
2026-07-12 07:38:38,291 [INFO] [REBALANCE] promoted 2 program-core board story(s) into final supply
2026-07-12 07:38:38,306 [INFO] [AUDIT] drop section=supply reason=selection_feedback_core_fit title=NH농협손보, 양파 값 폭락에 팔 걷었다…농가·취약계층 동시 지원
2026-07-12 07:38:38,418 [INFO] [AUDIT] pruned 1 final item(s) after section normalization
2026-07-12 07:38:42,994 [INFO] [REBALANCE] recovered 2 supply underfill item(s) from raw pool
2026-07-12 07:38:45,244 [INFO] [REBALANCE] recovered 2 policy underfill item(s) from raw pool
2026-07-12 07:38:45,742 [INFO] [REBALANCE] dropped 1 optional weak policy macro tail item(s)
2026-07-12 07:39:05,889 [INFO] [REBALANCE] replaced 1 optional weak dist tail item(s)
2026-07-12 07:39:05,975 [INFO] [AUDIT] drop section=policy reason=selection_feedback_low_fit title=성추행·차별·저임금… 인권 사각지대에 놓인 외국인 요양보호사
2026-07-12 07:39:06,070 [INFO] [AUDIT] pruned 1 final item(s) after underfill recovery
2026-07-12 07:39:07,186 [INFO] [REBALANCE] replaced 2 weak pest tail item(s)
2026-07-12 07:39:08,542 [INFO] [REBALANCE] replaced 1 duplicate-theme pest tail item(s)
2026-07-12 07:39:24,005 [INFO] [REBALANCE] recovered 3 preferred-count tail item(s) from raw pool
2026-07-12 07:39:26,268 [INFO] [AUDIT] drop section=dist reason=selection_feedback_low_fit title=[더벨][VC 투자기업] 미스터아빠, IPO 준비 착수…AI 사업 본격화
2026-07-12 07:39:26,301 [INFO] [AUDIT] pruned 1 final item(s) after preferred-count recovery
2026-07-12 07:39:38,523 [INFO] [REBALANCE] refilled 1 preferred-count gap item(s) after final audit
2026-07-12 07:39:44,216 [INFO] [REBALANCE] editorial tail guard replaced supply=0 policy=0 dist=2 item(s)
2026-07-12 07:39:44,532 [INFO] [REBALANCE] editorial issue fallback replaced policy=2 supply=0 dist=0 item(s)
2026-07-12 07:39:50,610 [INFO] [AUDIT] drop section=dist reason=selection_feedback_low_fit title=강진농협, 2026년산 계약재배 쌀귀리 수매 실시
2026-07-12 07:39:50,717 [INFO] [REBALANCE] final quality sweep pruned 1 residual item(s)
2026-07-12 07:40:05,470 [INFO] [AUDIT] drop section=dist reason=selection_feedback_low_fit title=[더벨][VC 투자기업] 미스터아빠, IPO 준비 착수…AI 사업 본격화
2026-07-12 07:40:05,516 [INFO] [REBALANCE] post-sweep refilled 1 item(s), cleaned dupes=0 hard=0 audit=1
2026-07-12 07:40:07,401 [INFO] [REBALANCE] final relaxed preferred-count refill added 2 item(s), audit=0
2026-07-12 07:40:14,079 [INFO] [REBALANCE] publish quality guard repaired supply=0 policy=0 dist=1, refilled dist=0, supply-core=3, dist-core=0
2026-07-12 07:40:40,472 [INFO] [REBALANCE] final publish editorial selection repaired 9 visible card(s)
2026-07-12 07:40:40,881 [INFO] [AUDIT] drop section=dist reason=selection_feedback_core_fit title=강진농협, 2026년산 계약재배 쌀귀리 수매 실시
2026-07-12 07:41:03,247 [INFO] [REBALANCE] post-publish final hard sweep pruned=0/0 refilled=0/1 audit=1/0
2026-07-12 07:41:05,271 [INFO] [REBALANCE] post-publish editorial follow-up repaired 3 card/core target(s)
2026-07-12 07:41:35,336 [INFO] [REBALANCE] post-followup structural quality repaired 2 visible card(s)
2026-07-12 07:41:35,344 [INFO] [FINAL-EVENT-DEDUP] reason=same_commodity_quantity keep=[supply] 여름 제철 과일 복숭아· 포도 생산량 늘어 가격 하락 전망 | drop=[supply] 출하량 증가 영향…여름 대표 과일, 포도·복숭아 가격 하락
2026-07-12 07:41:35,402 [INFO] [FINAL-EVENT-DEDUP-REFILL] section=supply title=단양마늘 수확 완료… 수매가 ㎏당 1만500원 '껑충'
2026-07-12 07:41:35,427 [INFO] [REBALANCE] final event-level dedupe removed=1 refilled=1
2026-07-12 07:41:35,460 [INFO] [FINAL-RELEVANCE-SWAP] section=policy out=장바구니 물가 부담 가중… 정부, 가격 안정 '안간힘' | in=[미리보는 하반기 경제성장전략] 유가 꺾여도 3%대 물가…정부, '민생물...
2026-07-12 07:41:35,463 [INFO] [REBALANCE] final relevance swap replaced 1 card(s)
2026-07-12 07:41:35,706 [INFO] [FINAL-SOURCE-QUALITY] section=supply dropped excess tier1 without qualified replacement: NH농협손보, 양파 값 폭락에 팔 걷었다…농가·취약계층 동시 지원
2026-07-12 07:41:35,798 [INFO] [FINAL-SOURCE-QUALITY] section=pest out=[tier1:경북매일] 노지 오이 , 초기 관리가 생육 과 수량 좌우합니다 | in=[tier2:금강일보] 논산시 "장마철 고추 탄저병 ·역병 비상 ··· 적기 방제 해야"
2026-07-12 07:41:35,863 [INFO] [FINAL-SOURCE-QUALITY] section=dist out=[tier1:이로운넷] 청송 사과 협회, '청송 사과 발전 계획' 발표… AI 데이터 허브 구축·직거... | in=[tier2:농수축산신문] 전주원협 양파 대만 수출… 수급안정 총력
2026-07-12 07:41:36,006 [INFO] [FINAL-SOURCE-QUALITY] section=dist out=[tier1:매일산업뉴스] K-푸드가 연 길, K-농산물이 달린다…수출 전략 품목으로 부상 | in=[tier3:TV조선] 배는 이집트로, 포도는 호주 전 품종 수출 …K- 농산물 수출 길 확대
2026-07-12 07:41:36,368 [INFO] [FINAL-SOURCE-QUALITY] section=dist out=[tier1:폴리뉴스] "판로 걱정 덜겠다"... 고흥군 스마트 공급센터, 농산물 유통 거점 기대 | in=[tier3:연합뉴스] '햇마늘이 한가득'…경북 영천 마늘 경매
2026-07-12 07:41:36,378 [INFO] [REBALANCE] final source quality changed=5
2026-07-12 07:41:54,449 [INFO] [FINAL-EVENT-DEDUP] reason=same_commodity_quantity keep=[supply] 여름 제철 과일 복숭아· 포도 생산량 늘어 가격 하락 전망 | drop=[supply] 출하량 증가 영향…여름 대표 과일, 포도·복숭아 가격 하락
2026-07-12 07:41:54,531 [INFO] [FINAL-EVENT-DEDUP-REFILL] section=supply title=농협손보, 지역사회와 양파 나눔…릴레이 캠페인 전개
2026-07-12 07:41:54,776 [INFO] [FINAL-SOURCE-QUALITY] section=supply dropped excess tier1 without qualified replacement: 농협손보, 지역사회와 양파 나눔…릴레이 캠페인 전개
2026-07-12 07:42:15,640 [INFO] [REBALANCE] final reader quality changed=14 dedupe=1/1 source=1 reassert=7
2026-07-12 07:42:15,681 [INFO] [MAINT] replay_date 2026-07-07 window: 2026-07-06T06:00:00+09:00 ~ 2026-07-07T06:00:00+09:00
2026-07-12 07:42:15,681 [INFO] [STAGE] maintenance_publish start elapsed=550.6s {'action': 'maintenance replay_date', 'report_date': '2026-07-07'}
2026-07-12 07:42:15,682 [INFO] [STAGE] maintenance_publish_list_archives start elapsed=550.6s 
2026-07-12 07:42:15,842 [INFO] [STAGE] maintenance_publish_list_archives done elapsed=550.7s {'archive_count': 129}
2026-07-12 07:42:15,843 [INFO] [STAGE] maintenance_publish_render start elapsed=550.7s 
2026-07-12 07:42:19,046 [INFO] [STAGE] maintenance_publish_render done elapsed=553.9s {'html_bytes': 336449}
2026-07-12 07:42:19,047 [INFO] [STAGE] maintenance_publish_archive start elapsed=553.9s {'path': 'docs/archive/2026-07-07.html'}
2026-07-12 07:42:39,985 [INFO] [LOCAL DRY RUN] write C:\Users\reonw\Documents\GitHub\agri-news-brief\tmp\replay-final4-20260707\main\docs\archive\2026-07-07.html
2026-07-12 07:42:39,985 [INFO] [MAINT PUT] docs/archive/2026-07-07.html
2026-07-12 07:42:39,986 [INFO] [STAGE] maintenance_publish_archive done elapsed=574.9s {'path': 'docs/archive/2026-07-07.html'}
2026-07-12 07:42:39,986 [INFO] [STAGE] maintenance_publish_debug start elapsed=574.9s {'path': 'docs/debug/2026-07-07.json'}
2026-07-12 07:42:39,986 [INFO] [STAGE] maintenance_publish_fast_exit done elapsed=574.9s {'reason': 'local_dry_run_after_archive'}
2026-07-12 07:42:40,002 [INFO] [LOCAL DRY RUN] write C:\Users\reonw\Documents\GitHub\agri-news-brief\tmp\replay-final4-20260707\main\docs\debug\2026-07-07.json
2026-07-12 07:42:40,002 [INFO] [MAINT PUT] docs/debug/2026-07-07.json
2026-07-12 07:42:40,002 [INFO] [STAGE] maintenance_publish_debug done elapsed=574.9s {'path': 'docs/debug/2026-07-07.json'}
2026-07-12 07:42:40,003 [INFO] [LOCAL DRY RUN] fast exit after archive/debug publish; set LOCAL_DRY_RUN_FAST_EXIT_AFTER_ARCHIVE=0 to run index/manifest follow-up
<Objs Version="1.1.0.1" xmlns="http://schemas.microsoft.com/powershell/2004/04"><Obj S="progress" RefId="0"><TN RefId="0"><T>System.Management.Automation.PSCustomObject</T><T>System.Object</T></TN><MS><I64 N="SourceId">1</I64><PR N="Record"><AV>처음 사용하기 위해 모듈을 준비하는 중입니다.</AV><AI>0</AI><Nil /><PI>-1</PI><PC>-1</PC><T>Completed</T><SR>-1</SR><SD> </SD></PR></MS></Obj></Objs>