2026-07-12 08:35:08,982 [INFO] [ENV] loaded local env file(s): .env.dev.local, .env.local
2026-07-12 08:35:08,994 [INFO] [HF-INIT] token=SET rerank=True board_rerank=False model=intfloat/multilingual-e5-large
2026-07-12 08:35:09,018 [INFO] [EVAL-FEEDBACK] loaded selection guardrails from docs/evals/latest-selection-feedback.json
2026-07-12 08:35:09,028 [INFO] [BUILD] local-replay-20260707-final8
2026-07-12 08:35:09,030 [INFO] [LOCAL DRY RUN] output root: C:\Users\reonw\Documents\GitHub\agri-news-brief\tmp\replay-final8-20260707
2026-07-12 08:35:09,050 [INFO] [REPLAY] loaded snapshot: C:\Users\reonw\Documents\GitHub\agri-news-brief\docs\replay\2026-07-07.snapshot.json
2026-07-12 08:36:06,366 [INFO] [REPLAY] rescored 496 article(s) with current scoring logic
2026-07-12 08:36:06,470 [INFO] [OVERRIDE1] supply-price-collapse-protect: kept in supply title=여름 과일값 숨통 트이나…복숭아· 포도 생산 늘며 가격 하락 전망
2026-07-12 08:36:06,471 [INFO] [OVERRIDE1] supply-horti-protect: kept in supply title=여름 과일값 숨통 트이나…복숭아· 포도 생산 늘며 가격 하락 전망
2026-07-12 08:36:06,502 [INFO] [OVERRIDE1] supply-horti-protect: kept in supply title=여름배추 수급 , 선제 대응
2026-07-12 08:36:06,530 [INFO] [OVERRIDE1] supply-horti-protect: kept in supply title="생산비 폭등·농산물값 폭락 더는 못 버틴다"
2026-07-12 08:36:06,592 [INFO] [OVERRIDE1] supply-horti-protect: kept in supply title=경남 농가, 400만t 중국 단감시장 진출 '예약'
2026-07-12 08:36:06,654 [INFO] [OVERRIDE1] supply-horti-protect: kept in supply title=‘AI가 참외밭에 물주고 환기까지’···경북, 자율재배 서비스 상용화
2026-07-12 08:36:06,764 [INFO] [OVERRIDE1] supply-horti-protect: kept in supply title=' 토마토 달걀 볶음' 한 접시에 11만원…中 식당, 바가지 논란
2026-07-12 08:36:07,043 [INFO] [OVERRIDE1] supply-price-collapse-protect: kept in supply title=농자재값 폭등과 농산물 가격 폭락에 신음하는 농민들, 시민과 함께 광...
2026-07-12 08:36:07,043 [INFO] [OVERRIDE1] supply-horti-protect: kept in supply title=농자재값 폭등과 농산물 가격 폭락에 신음하는 농민들, 시민과 함께 광...
2026-07-12 08:36:07,183 [INFO] [OVERRIDE1] supply-price-collapse-protect: kept in supply title=“여름 급식에 양송이버섯·애호박 요리 추천”
2026-07-12 08:36:07,248 [INFO] [OVERRIDE1] supply-horti-protect: kept in supply title=농어촌공사, 알제리 씨 감자 연구 역량 강화해 ‘ 감자 외교’ 이어간다
2026-07-12 08:36:07,728 [INFO] [OVERRIDE1] supply-price-collapse-protect: kept in supply title=농협손보, ‘지역사회 릴레이 양파 나눔 캠페인’ 전개
2026-07-12 08:36:07,729 [INFO] [OVERRIDE1] supply-horti-protect: kept in supply title=농협손보, ‘지역사회 릴레이 양파 나눔 캠페인’ 전개
2026-07-12 08:36:08,111 [INFO] [OVERRIDE1] supply-horti-protect: kept in supply title=[최석현의 충청 속 세계]일본의 쌀 소동, 농산물 유통 구조 재편을 묻는...
2026-07-12 08:36:08,145 [INFO] [OVERRIDE1] supply-horti-protect: kept in supply title=옥천군농업기술센터, 이상기후 대응 ‘고품질 포도 생산’ 맞춤형 교육...
2026-07-12 08:36:08,266 [INFO] [OVERRIDE1] supply-price-collapse-protect: kept in supply title=김세훈 화천군수, 가락시장서 농산물 세일즈
2026-07-12 08:36:08,268 [INFO] [OVERRIDE1] supply-horti-protect: kept in supply title=김세훈 화천군수, 가락시장서 농산물 세일즈
2026-07-12 08:36:08,430 [INFO] [OVERRIDE1] supply-price-collapse-protect: kept in dist title=김세훈 화천군수, 가락시장서 농산물 세일즈
2026-07-12 08:36:08,431 [INFO] [OVERRIDE1] supply-horti-protect: kept in dist title=김세훈 화천군수, 가락시장서 농산물 세일즈
2026-07-12 08:36:08,659 [INFO] [OVERRIDE1] supply-price-collapse-protect: kept in dist title=농산물 값 하락에… 화천군수 직접 세일즈
2026-07-12 08:36:08,660 [INFO] [OVERRIDE1] supply-horti-protect: kept in dist title=농산물 값 하락에… 화천군수 직접 세일즈
2026-07-12 08:36:08,757 [INFO] [OVERRIDE1] supply-horti-protect: kept in dist title="생산비 폭등·농산물값 폭락 더는 못 버틴다"
2026-07-12 08:36:08,830 [INFO] [OVERRIDE1] supply-price-collapse-protect: kept in dist title=여름 과일값 숨통 트이나…복숭아· 포도 생산 늘며 가격 하락 전망
2026-07-12 08:36:08,831 [INFO] [OVERRIDE1] supply-horti-protect: kept in dist title=여름 과일값 숨통 트이나…복숭아· 포도 생산 늘며 가격 하락 전망
2026-07-12 08:36:10,353 [INFO] [REBALANCE] moved 7 item(s) from policy -> supply/dist (retail-trend + NH-field)
2026-07-12 08:36:15,086 [INFO] [REBALANCE] moved 15 item(s) by policy-like override: -> policy
2026-07-12 08:37:08,676 [INFO] [REASSIGN] moved 30 item(s) by global rescoring
2026-07-12 08:37:44,870 [INFO] [AUDIT] drop section=supply reason=agri_crime_incident_tail title="첫 수확도 못했는데‥" 농산물 절도 기승
2026-07-12 08:37:50,687 [INFO] [AUDIT] drop section=policy reason=policy_non_agri_foodservice_cost_noise title=유럽 폭염에 올리브유 가격 급등… 국내 치킨값 오르나
2026-07-12 08:38:04,369 [INFO] [AUDIT] drop section=dist reason=dist_reader_role_misfit title=청양군, '전국 유일 S급 프리미엄' 멜론 본격 출하… 올해 15억 매출 기...
2026-07-12 08:39:12,659 [INFO] [REBALANCE] promoted 2 program-core board story(s) into final supply
2026-07-12 08:39:12,670 [INFO] [AUDIT] drop section=supply reason=selection_feedback_core_fit title=NH농협손보, 양파 값 폭락에 팔 걷었다…농가·취약계층 동시 지원
2026-07-12 08:39:12,765 [INFO] [AUDIT] pruned 1 final item(s) after section normalization
2026-07-12 08:39:17,579 [INFO] [REBALANCE] recovered 1 supply underfill item(s) from raw pool
2026-07-12 08:39:19,559 [INFO] [REBALANCE] recovered 2 policy underfill item(s) from raw pool
2026-07-12 08:39:20,016 [INFO] [REBALANCE] dropped 1 optional weak policy macro tail item(s)
2026-07-12 08:39:36,188 [INFO] [REBALANCE] replaced 1 optional weak dist tail item(s)
2026-07-12 08:39:36,275 [INFO] [AUDIT] drop section=policy reason=selection_feedback_low_fit title=성추행·차별·저임금… 인권 사각지대에 놓인 외국인 요양보호사
2026-07-12 08:39:36,382 [INFO] [AUDIT] pruned 1 final item(s) after underfill recovery
2026-07-12 08:39:37,502 [INFO] [REBALANCE] replaced 2 weak pest tail item(s)
2026-07-12 08:39:38,755 [INFO] [REBALANCE] replaced 1 duplicate-theme pest tail item(s)
2026-07-12 08:39:52,159 [INFO] [REBALANCE] recovered 3 preferred-count tail item(s) from raw pool
2026-07-12 08:39:55,360 [INFO] [AUDIT] drop section=dist reason=selection_feedback_low_fit title=[더벨][VC 투자기업] 미스터아빠, IPO 준비 착수…AI 사업 본격화
2026-07-12 08:39:55,417 [INFO] [AUDIT] pruned 1 final item(s) after preferred-count recovery
2026-07-12 08:40:08,323 [INFO] [REBALANCE] refilled 1 preferred-count gap item(s) after final audit
2026-07-12 08:40:14,579 [INFO] [REBALANCE] editorial tail guard replaced supply=0 policy=0 dist=2 item(s)
2026-07-12 08:40:14,941 [INFO] [REBALANCE] editorial issue fallback replaced policy=2 supply=0 dist=0 item(s)
2026-07-12 08:40:21,453 [INFO] [AUDIT] drop section=dist reason=selection_feedback_low_fit title=강진농협, 2026년산 계약재배 쌀귀리 수매 실시
2026-07-12 08:40:21,577 [INFO] [REBALANCE] final quality sweep pruned 1 residual item(s)
2026-07-12 08:40:34,414 [INFO] [AUDIT] drop section=dist reason=selection_feedback_low_fit title=[더벨][VC 투자기업] 미스터아빠, IPO 준비 착수…AI 사업 본격화
2026-07-12 08:40:34,466 [INFO] [REBALANCE] post-sweep refilled 1 item(s), cleaned dupes=0 hard=0 audit=1
2026-07-12 08:40:36,160 [INFO] [REBALANCE] final relaxed preferred-count refill added 2 item(s), audit=0
2026-07-12 08:40:41,695 [INFO] [REBALANCE] publish quality guard repaired supply=0 policy=0 dist=1, refilled dist=0, supply-core=3, dist-core=0
2026-07-12 08:41:05,587 [INFO] [REBALANCE] final publish editorial selection repaired 12 visible card(s)
2026-07-12 08:41:05,918 [INFO] [AUDIT] drop section=policy reason=selection_feedback_core_fit title=농자재값 폭등과 농산물 가격 폭락에 신음하는 농민들, 시민과 함께 광...
2026-07-12 08:41:05,937 [INFO] [AUDIT] drop section=dist reason=selection_feedback_core_fit title=강진농협, 2026년산 계약재배 쌀귀리 수매 실시
2026-07-12 08:41:23,994 [INFO] [AUDIT] drop section=policy reason=selection_feedback_core_fit title=농자재값 폭등과 농산물 가격 폭락에 신음하는 농민들, 시민과 함께 광...
2026-07-12 08:41:24,896 [INFO] [REBALANCE] post-publish final hard sweep pruned=0/0 refilled=0/2 audit=2/1
2026-07-12 08:41:26,612 [INFO] [REBALANCE] post-publish editorial follow-up repaired 5 card/core target(s)
2026-07-12 08:41:49,900 [INFO] [REBALANCE] post-followup structural quality repaired 5 visible card(s)
2026-07-12 08:42:05,996 [INFO] [REBALANCE] post-followup quality refill added=1 repaired=1
2026-07-12 08:42:06,260 [INFO] [FINAL-SOURCE-QUALITY] section=supply dropped excess tier1 without qualified replacement: NH농협손보, 양파 값 폭락에 팔 걷었다…농가·취약계층 동시 지원
2026-07-12 08:42:06,313 [INFO] [FINAL-SOURCE-QUALITY] section=dist out=[tier1:이로운넷] 청송 사과 협회, '청송 사과 발전 계획' 발표… AI 데이터 허브 구축·직거... | in=[tier2:농수축산신문] 전주원협 양파 대만 수출… 수급안정 총력
2026-07-12 08:42:06,406 [INFO] [FINAL-SOURCE-QUALITY] section=dist out=[tier1:매일산업뉴스] K-푸드가 연 길, K-농산물이 달린다…수출 전략 품목으로 부상 | in=[tier3:TV조선] 배는 이집트로, 포도는 호주 전 품종 수출 …K- 농산물 수출 길 확대
2026-07-12 08:42:06,628 [INFO] [FINAL-SOURCE-QUALITY] section=policy dropped excess tier1 without qualified replacement: 농자재값 폭등과 농산물 가격 폭락에 신음하는 농민들, 시민과 함께 광...
2026-07-12 08:42:06,629 [INFO] [REBALANCE] final source quality changed=4
2026-07-12 08:42:24,557 [INFO] [FINAL-EVENT-DEDUP] reason=same_commodity_quantity keep=[supply] 여름 제철 과일 복숭아· 포도 생산량 늘어 가격 하락 전망 | drop=[supply] 출하량 증가 영향…여름 대표 과일, 포도·복숭아 가격 하락
2026-07-12 08:42:24,589 [INFO] [FINAL-EVENT-DEDUP-REFILL] section=supply title=여름 제철 과일 ‘복숭아· 포도 ’ 가격 하락…품질·모양도 양호
2026-07-12 08:42:39,646 [INFO] [REBALANCE] final reader quality changed=10 dedupe=1/1 source=0 reassert=10
2026-07-12 08:42:39,684 [INFO] [MAINT] replay_date 2026-07-07 window: 2026-07-06T06:00:00+09:00 ~ 2026-07-07T06:00:00+09:00
2026-07-12 08:42:39,684 [INFO] [STAGE] maintenance_publish start elapsed=450.7s {'action': 'maintenance replay_date', 'report_date': '2026-07-07'}
2026-07-12 08:42:39,684 [INFO] [STAGE] maintenance_publish_list_archives start elapsed=450.7s 
2026-07-12 08:42:39,793 [INFO] [STAGE] maintenance_publish_list_archives done elapsed=450.8s {'archive_count': 129}
2026-07-12 08:42:39,794 [INFO] [STAGE] maintenance_publish_render start elapsed=450.8s 
2026-07-12 08:42:42,169 [INFO] [STAGE] maintenance_publish_render done elapsed=453.2s {'html_bytes': 334596}
2026-07-12 08:42:42,178 [INFO] [STAGE] maintenance_publish_archive start elapsed=453.2s {'path': 'docs/archive/2026-07-07.html'}
2026-07-12 08:42:56,516 [INFO] [LOCAL DRY RUN] write C:\Users\reonw\Documents\GitHub\agri-news-brief\tmp\replay-final8-20260707\main\docs\archive\2026-07-07.html
2026-07-12 08:42:56,525 [INFO] [MAINT PUT] docs/archive/2026-07-07.html
2026-07-12 08:42:56,526 [INFO] [STAGE] maintenance_publish_archive done elapsed=467.5s {'path': 'docs/archive/2026-07-07.html'}
2026-07-12 08:42:56,526 [INFO] [STAGE] maintenance_publish_debug start elapsed=467.5s {'path': 'docs/debug/2026-07-07.json'}
2026-07-12 08:42:56,526 [INFO] [STAGE] maintenance_publish_fast_exit done elapsed=467.5s {'reason': 'local_dry_run_after_archive'}
2026-07-12 08:42:56,539 [INFO] [LOCAL DRY RUN] write C:\Users\reonw\Documents\GitHub\agri-news-brief\tmp\replay-final8-20260707\main\docs\debug\2026-07-07.json
2026-07-12 08:42:56,540 [INFO] [MAINT PUT] docs/debug/2026-07-07.json
2026-07-12 08:42:56,540 [INFO] [STAGE] maintenance_publish_debug done elapsed=467.5s {'path': 'docs/debug/2026-07-07.json'}
2026-07-12 08:42:56,540 [INFO] [LOCAL DRY RUN] fast exit after archive/debug publish; set LOCAL_DRY_RUN_FAST_EXIT_AFTER_ARCHIVE=0 to run index/manifest follow-up
