2026-07-12 07:59:48,193 [INFO] [ENV] loaded local env file(s): .env.dev.local, .env.local
2026-07-12 07:59:48,196 [INFO] [HF-INIT] token=SET rerank=True board_rerank=False model=intfloat/multilingual-e5-large
2026-07-12 07:59:48,229 [INFO] [EVAL-FEEDBACK] loaded selection guardrails from docs/evals/latest-selection-feedback.json
2026-07-12 07:59:48,241 [INFO] [BUILD] local-replay-20260707-final5
2026-07-12 07:59:48,243 [INFO] [LOCAL DRY RUN] output root: C:\Users\reonw\Documents\GitHub\agri-news-brief\tmp\replay-final5-20260707
2026-07-12 07:59:48,280 [INFO] [REPLAY] loaded snapshot: C:\Users\reonw\Documents\GitHub\agri-news-brief\docs\replay\2026-07-07.snapshot.json
2026-07-12 08:00:54,632 [INFO] [REPLAY] rescored 496 article(s) with current scoring logic
2026-07-12 08:00:54,775 [INFO] [OVERRIDE1] supply-price-collapse-protect: kept in supply title=여름 과일값 숨통 트이나…복숭아· 포도 생산 늘며 가격 하락 전망
2026-07-12 08:00:54,777 [INFO] [OVERRIDE1] supply-horti-protect: kept in supply title=여름 과일값 숨통 트이나…복숭아· 포도 생산 늘며 가격 하락 전망
2026-07-12 08:00:54,804 [INFO] [OVERRIDE1] supply-horti-protect: kept in supply title=여름배추 수급 , 선제 대응
2026-07-12 08:00:54,840 [INFO] [OVERRIDE1] supply-horti-protect: kept in supply title="생산비 폭등·농산물값 폭락 더는 못 버틴다"
2026-07-12 08:00:54,915 [INFO] [OVERRIDE1] supply-horti-protect: kept in supply title=경남 농가, 400만t 중국 단감시장 진출 '예약'
2026-07-12 08:00:54,990 [INFO] [OVERRIDE1] supply-horti-protect: kept in supply title=‘AI가 참외밭에 물주고 환기까지’···경북, 자율재배 서비스 상용화
2026-07-12 08:00:55,103 [INFO] [OVERRIDE1] supply-horti-protect: kept in supply title=' 토마토 달걀 볶음' 한 접시에 11만원…中 식당, 바가지 논란
2026-07-12 08:00:55,367 [INFO] [OVERRIDE1] supply-price-collapse-protect: kept in supply title=농자재값 폭등과 농산물 가격 폭락에 신음하는 농민들, 시민과 함께 광...
2026-07-12 08:00:55,368 [INFO] [OVERRIDE1] supply-horti-protect: kept in supply title=농자재값 폭등과 농산물 가격 폭락에 신음하는 농민들, 시민과 함께 광...
2026-07-12 08:00:55,491 [INFO] [OVERRIDE1] supply-price-collapse-protect: kept in supply title=“여름 급식에 양송이버섯·애호박 요리 추천”
2026-07-12 08:00:55,570 [INFO] [OVERRIDE1] supply-horti-protect: kept in supply title=농어촌공사, 알제리 씨 감자 연구 역량 강화해 ‘ 감자 외교’ 이어간다
2026-07-12 08:00:56,116 [INFO] [OVERRIDE1] supply-price-collapse-protect: kept in supply title=농협손보, ‘지역사회 릴레이 양파 나눔 캠페인’ 전개
2026-07-12 08:00:56,125 [INFO] [OVERRIDE1] supply-horti-protect: kept in supply title=농협손보, ‘지역사회 릴레이 양파 나눔 캠페인’ 전개
2026-07-12 08:00:56,548 [INFO] [OVERRIDE1] supply-horti-protect: kept in supply title=[최석현의 충청 속 세계]일본의 쌀 소동, 농산물 유통 구조 재편을 묻는...
2026-07-12 08:00:56,586 [INFO] [OVERRIDE1] supply-horti-protect: kept in supply title=옥천군농업기술센터, 이상기후 대응 ‘고품질 포도 생산’ 맞춤형 교육...
2026-07-12 08:00:56,710 [INFO] [OVERRIDE1] supply-price-collapse-protect: kept in supply title=김세훈 화천군수, 가락시장서 농산물 세일즈
2026-07-12 08:00:56,711 [INFO] [OVERRIDE1] supply-horti-protect: kept in supply title=김세훈 화천군수, 가락시장서 농산물 세일즈
2026-07-12 08:00:56,881 [INFO] [OVERRIDE1] supply-price-collapse-protect: kept in dist title=김세훈 화천군수, 가락시장서 농산물 세일즈
2026-07-12 08:00:56,882 [INFO] [OVERRIDE1] supply-horti-protect: kept in dist title=김세훈 화천군수, 가락시장서 농산물 세일즈
2026-07-12 08:00:57,151 [INFO] [OVERRIDE1] supply-price-collapse-protect: kept in dist title=농산물 값 하락에… 화천군수 직접 세일즈
2026-07-12 08:00:57,152 [INFO] [OVERRIDE1] supply-horti-protect: kept in dist title=농산물 값 하락에… 화천군수 직접 세일즈
2026-07-12 08:00:57,275 [INFO] [OVERRIDE1] supply-horti-protect: kept in dist title="생산비 폭등·농산물값 폭락 더는 못 버틴다"
2026-07-12 08:00:57,348 [INFO] [OVERRIDE1] supply-price-collapse-protect: kept in dist title=여름 과일값 숨통 트이나…복숭아· 포도 생산 늘며 가격 하락 전망
2026-07-12 08:00:57,349 [INFO] [OVERRIDE1] supply-horti-protect: kept in dist title=여름 과일값 숨통 트이나…복숭아· 포도 생산 늘며 가격 하락 전망
2026-07-12 08:00:58,864 [INFO] [REBALANCE] moved 7 item(s) from policy -> supply/dist (retail-trend + NH-field)
2026-07-12 08:01:04,171 [INFO] [REBALANCE] moved 15 item(s) by policy-like override: -> policy
2026-07-12 08:02:06,031 [INFO] [REASSIGN] moved 30 item(s) by global rescoring
2026-07-12 08:02:51,659 [INFO] [AUDIT] drop section=supply reason=agri_crime_incident_tail title="첫 수확도 못했는데‥" 농산물 절도 기승
2026-07-12 08:02:59,143 [INFO] [AUDIT] drop section=policy reason=policy_non_agri_foodservice_cost_noise title=유럽 폭염에 올리브유 가격 급등… 국내 치킨값 오르나
2026-07-12 08:03:11,152 [INFO] [AUDIT] drop section=dist reason=dist_reader_role_misfit title=청양군, '전국 유일 S급 프리미엄' 멜론 본격 출하… 올해 15억 매출 기...
2026-07-12 08:04:23,369 [INFO] [REBALANCE] promoted 2 program-core board story(s) into final supply
2026-07-12 08:04:23,377 [INFO] [AUDIT] drop section=supply reason=selection_feedback_core_fit title=NH농협손보, 양파 값 폭락에 팔 걷었다…농가·취약계층 동시 지원
2026-07-12 08:04:23,463 [INFO] [AUDIT] pruned 1 final item(s) after section normalization
2026-07-12 08:04:27,811 [INFO] [REBALANCE] recovered 2 supply underfill item(s) from raw pool
2026-07-12 08:04:30,056 [INFO] [REBALANCE] recovered 2 policy underfill item(s) from raw pool
2026-07-12 08:04:30,479 [INFO] [REBALANCE] dropped 1 optional weak policy macro tail item(s)
2026-07-12 08:04:49,715 [INFO] [REBALANCE] replaced 1 optional weak dist tail item(s)
2026-07-12 08:04:49,811 [INFO] [AUDIT] drop section=policy reason=selection_feedback_low_fit title=성추행·차별·저임금… 인권 사각지대에 놓인 외국인 요양보호사
2026-07-12 08:04:49,913 [INFO] [AUDIT] pruned 1 final item(s) after underfill recovery
2026-07-12 08:04:51,141 [INFO] [REBALANCE] replaced 2 weak pest tail item(s)
2026-07-12 08:04:52,622 [INFO] [REBALANCE] replaced 1 duplicate-theme pest tail item(s)
2026-07-12 08:05:08,021 [INFO] [REBALANCE] recovered 3 preferred-count tail item(s) from raw pool
2026-07-12 08:05:10,763 [INFO] [AUDIT] drop section=dist reason=selection_feedback_low_fit title=[더벨][VC 투자기업] 미스터아빠, IPO 준비 착수…AI 사업 본격화
2026-07-12 08:05:10,793 [INFO] [AUDIT] pruned 1 final item(s) after preferred-count recovery
2026-07-12 08:05:24,620 [INFO] [REBALANCE] refilled 1 preferred-count gap item(s) after final audit
2026-07-12 08:05:31,379 [INFO] [REBALANCE] editorial tail guard replaced supply=0 policy=0 dist=2 item(s)
2026-07-12 08:05:31,755 [INFO] [REBALANCE] editorial issue fallback replaced policy=2 supply=0 dist=0 item(s)
2026-07-12 08:05:38,958 [INFO] [AUDIT] drop section=dist reason=selection_feedback_low_fit title=강진농협, 2026년산 계약재배 쌀귀리 수매 실시
2026-07-12 08:05:39,063 [INFO] [REBALANCE] final quality sweep pruned 1 residual item(s)
2026-07-12 08:05:54,220 [INFO] [AUDIT] drop section=dist reason=selection_feedback_low_fit title=[더벨][VC 투자기업] 미스터아빠, IPO 준비 착수…AI 사업 본격화
2026-07-12 08:05:54,265 [INFO] [REBALANCE] post-sweep refilled 1 item(s), cleaned dupes=0 hard=0 audit=1
2026-07-12 08:05:56,130 [INFO] [REBALANCE] final relaxed preferred-count refill added 2 item(s), audit=0
2026-07-12 08:06:02,775 [INFO] [REBALANCE] publish quality guard repaired supply=0 policy=0 dist=1, refilled dist=0, supply-core=3, dist-core=0
2026-07-12 08:06:31,575 [INFO] [REBALANCE] final publish editorial selection repaired 12 visible card(s)
2026-07-12 08:06:31,974 [INFO] [AUDIT] drop section=policy reason=selection_feedback_core_fit title=농자재값 폭등과 농산물 가격 폭락에 신음하는 농민들, 시민과 함께 광...
2026-07-12 08:06:32,002 [INFO] [AUDIT] drop section=dist reason=selection_feedback_core_fit title=강진농협, 2026년산 계약재배 쌀귀리 수매 실시
2026-07-12 08:06:52,554 [INFO] [AUDIT] drop section=policy reason=selection_feedback_core_fit title=농자재값 폭등과 농산물 가격 폭락에 신음하는 농민들, 시민과 함께 광...
2026-07-12 08:06:53,555 [INFO] [REBALANCE] post-publish final hard sweep pruned=0/0 refilled=0/2 audit=2/1
2026-07-12 08:06:55,622 [INFO] [REBALANCE] post-publish editorial follow-up repaired 3 card/core target(s)
2026-07-12 08:07:22,320 [INFO] [REBALANCE] post-followup structural quality repaired 5 visible card(s)
2026-07-12 08:07:40,140 [INFO] [REBALANCE] post-followup quality refill added=1 repaired=1
2026-07-12 08:07:40,149 [INFO] [FINAL-EVENT-DEDUP] reason=same_commodity_quantity keep=[supply] 여름 제철 과일 복숭아· 포도 생산량 늘어 가격 하락 전망 | drop=[supply] 출하량 증가 영향…여름 대표 과일, 포도·복숭아 가격 하락
2026-07-12 08:07:40,187 [INFO] [FINAL-EVENT-DEDUP-REFILL] section=supply title=여름 제철 과일 ‘복숭아· 포도 ’ 가격 하락…품질·모양도 양호
2026-07-12 08:07:40,207 [INFO] [REBALANCE] final event-level dedupe removed=1 refilled=1
2026-07-12 08:07:40,421 [INFO] [FINAL-SOURCE-QUALITY] section=supply dropped excess tier1 without qualified replacement: NH농협손보, 양파 값 폭락에 팔 걷었다…농가·취약계층 동시 지원
2026-07-12 08:07:40,498 [INFO] [FINAL-SOURCE-QUALITY] section=pest out=[tier1:경북매일] 노지 오이 , 초기 관리가 생육 과 수량 좌우합니다 | in=[tier2:금강일보] 논산시 "장마철 고추 탄저병 ·역병 비상 ··· 적기 방제 해야"
2026-07-12 08:07:40,567 [INFO] [FINAL-SOURCE-QUALITY] section=dist out=[tier1:이로운넷] 청송 사과 협회, '청송 사과 발전 계획' 발표… AI 데이터 허브 구축·직거... | in=[tier2:농수축산신문] 전주원협 양파 대만 수출… 수급안정 총력
2026-07-12 08:07:40,682 [INFO] [FINAL-SOURCE-QUALITY] section=dist out=[tier1:매일산업뉴스] K-푸드가 연 길, K-농산물이 달린다…수출 전략 품목으로 부상 | in=[tier3:TV조선] 배는 이집트로, 포도는 호주 전 품종 수출 …K- 농산물 수출 길 확대
2026-07-12 08:07:41,103 [INFO] [FINAL-SOURCE-QUALITY] section=dist dropped excess tier1 without qualified replacement: "판로 걱정 덜겠다"... 고흥군 스마트 공급센터, 농산물 유통 거점 기대
2026-07-12 08:07:41,259 [INFO] [FINAL-SOURCE-QUALITY] section=supply dropped excess tier1 without qualified replacement: 여름 제철 과일 ‘복숭아· 포도 ’ 가격 하락…품질·모양도 양호
2026-07-12 08:07:41,260 [INFO] [REBALANCE] final source quality changed=6
2026-07-12 08:07:58,464 [INFO] [FINAL-EVENT-DEDUP] reason=same_commodity_quantity keep=[supply] 여름 제철 과일 복숭아· 포도 생산량 늘어 가격 하락 전망 | drop=[supply] 출하량 증가 영향…여름 대표 과일, 포도·복숭아 가격 하락
2026-07-12 08:07:58,507 [INFO] [FINAL-EVENT-DEDUP-REFILL] section=supply title=여름 제철 과일 ‘복숭아· 포도 ’ 가격 하락…품질·모양도 양호
2026-07-12 08:07:58,517 [INFO] [FINAL-EVENT-DEDUP-REFILL] section=pest title=나주시, 과수화상병 유입 차단에 총력
2026-07-12 08:08:15,537 [INFO] [REBALANCE] final reader quality changed=14 dedupe=1/2 source=0 reassert=15
2026-07-12 08:08:15,547 [INFO] [FINAL-CORE-DEMOTE] section=pest reason=low_rank_core_swap title=고온기 나방·총채벌레 피해 증가, 복합해충 관리 중요
2026-07-12 08:08:15,556 [INFO] [FINAL-CORE-REPAIR] section=pest title=장마철 앞둔 논산, 고추 탄저병 ·역병 방제 비상
2026-07-12 08:08:15,556 [INFO] [REBALANCE] final soft-news core gate changed 2 core badge(s)
2026-07-12 08:08:15,587 [INFO] [MAINT] replay_date 2026-07-07 window: 2026-07-06T06:00:00+09:00 ~ 2026-07-07T06:00:00+09:00
2026-07-12 08:08:15,588 [INFO] [STAGE] maintenance_publish start elapsed=507.4s {'action': 'maintenance replay_date', 'report_date': '2026-07-07'}
2026-07-12 08:08:15,588 [INFO] [STAGE] maintenance_publish_list_archives start elapsed=507.4s 
2026-07-12 08:08:15,760 [INFO] [STAGE] maintenance_publish_list_archives done elapsed=507.6s {'archive_count': 129}
2026-07-12 08:08:15,761 [INFO] [STAGE] maintenance_publish_render start elapsed=507.6s 
2026-07-12 08:08:15,766 [INFO] [FINAL-EVENT-DEDUP] reason=same_commodity_quantity keep=[supply] 여름 제철 과일 복숭아· 포도 생산량 늘어 가격 하락 전망 | drop=[supply] 출하량 증가 영향…여름 대표 과일, 포도·복숭아 가격 하락
2026-07-12 08:08:15,803 [INFO] [REBALANCE] render guard removed 1 final noise item(s)
2026-07-12 08:08:19,221 [INFO] [STAGE] maintenance_publish_render done elapsed=511.0s {'html_bytes': 331503}
2026-07-12 08:08:19,222 [INFO] [STAGE] maintenance_publish_archive start elapsed=511.0s {'path': 'docs/archive/2026-07-07.html'}
2026-07-12 08:08:41,067 [INFO] [LOCAL DRY RUN] write C:\Users\reonw\Documents\GitHub\agri-news-brief\tmp\replay-final5-20260707\main\docs\archive\2026-07-07.html
2026-07-12 08:08:41,067 [INFO] [MAINT PUT] docs/archive/2026-07-07.html
2026-07-12 08:08:41,068 [INFO] [STAGE] maintenance_publish_archive done elapsed=532.9s {'path': 'docs/archive/2026-07-07.html'}
2026-07-12 08:08:41,068 [INFO] [STAGE] maintenance_publish_debug start elapsed=532.9s {'path': 'docs/debug/2026-07-07.json'}
2026-07-12 08:08:41,068 [INFO] [STAGE] maintenance_publish_fast_exit done elapsed=532.9s {'reason': 'local_dry_run_after_archive'}
2026-07-12 08:08:41,088 [INFO] [LOCAL DRY RUN] write C:\Users\reonw\Documents\GitHub\agri-news-brief\tmp\replay-final5-20260707\main\docs\debug\2026-07-07.json
2026-07-12 08:08:41,089 [INFO] [MAINT PUT] docs/debug/2026-07-07.json
2026-07-12 08:08:41,089 [INFO] [STAGE] maintenance_publish_debug done elapsed=532.9s {'path': 'docs/debug/2026-07-07.json'}
2026-07-12 08:08:41,089 [INFO] [LOCAL DRY RUN] fast exit after archive/debug publish; set LOCAL_DRY_RUN_FAST_EXIT_AFTER_ARCHIVE=0 to run index/manifest follow-up
