#< CLIXML
2026-07-12 07:22:13,361 [INFO] [ENV] loaded local env file(s): .env.dev.local, .env.local
2026-07-12 07:22:13,365 [INFO] [HF-INIT] token=SET rerank=True board_rerank=False model=intfloat/multilingual-e5-large
2026-07-12 07:22:13,392 [INFO] [EVAL-FEEDBACK] loaded selection guardrails from docs/evals/latest-selection-feedback.json
2026-07-12 07:22:13,403 [INFO] [BUILD] local-replay3-20260707
2026-07-12 07:22:13,404 [INFO] [LOCAL DRY RUN] output root: C:\Users\reonw\Documents\GitHub\agri-news-brief\tmp\replay-final3-20260707
2026-07-12 07:22:13,438 [INFO] [REPLAY] loaded snapshot: C:\Users\reonw\Documents\GitHub\agri-news-brief\docs\replay\2026-07-07.snapshot.json
2026-07-12 07:23:16,085 [INFO] [REPLAY] rescored 496 article(s) with current scoring logic
2026-07-12 07:23:16,195 [INFO] [OVERRIDE1] supply-price-collapse-protect: kept in supply title=여름 과일값 숨통 트이나…복숭아· 포도 생산 늘며 가격 하락 전망
2026-07-12 07:23:16,196 [INFO] [OVERRIDE1] supply-horti-protect: kept in supply title=여름 과일값 숨통 트이나…복숭아· 포도 생산 늘며 가격 하락 전망
2026-07-12 07:23:16,217 [INFO] [OVERRIDE1] supply-horti-protect: kept in supply title=여름배추 수급 , 선제 대응
2026-07-12 07:23:16,241 [INFO] [OVERRIDE1] supply-horti-protect: kept in supply title="생산비 폭등·농산물값 폭락 더는 못 버틴다"
2026-07-12 07:23:16,300 [INFO] [OVERRIDE1] supply-horti-protect: kept in supply title=경남 농가, 400만t 중국 단감시장 진출 '예약'
2026-07-12 07:23:16,360 [INFO] [OVERRIDE1] supply-horti-protect: kept in supply title=‘AI가 참외밭에 물주고 환기까지’···경북, 자율재배 서비스 상용화
2026-07-12 07:23:16,446 [INFO] [OVERRIDE1] supply-horti-protect: kept in supply title=' 토마토 달걀 볶음' 한 접시에 11만원…中 식당, 바가지 논란
2026-07-12 07:23:16,665 [INFO] [OVERRIDE1] supply-price-collapse-protect: kept in supply title=농자재값 폭등과 농산물 가격 폭락에 신음하는 농민들, 시민과 함께 광...
2026-07-12 07:23:16,666 [INFO] [OVERRIDE1] supply-horti-protect: kept in supply title=농자재값 폭등과 농산물 가격 폭락에 신음하는 농민들, 시민과 함께 광...
2026-07-12 07:23:16,766 [INFO] [OVERRIDE1] supply-price-collapse-protect: kept in supply title=“여름 급식에 양송이버섯·애호박 요리 추천”
2026-07-12 07:23:16,828 [INFO] [OVERRIDE1] supply-horti-protect: kept in supply title=농어촌공사, 알제리 씨 감자 연구 역량 강화해 ‘ 감자 외교’ 이어간다
2026-07-12 07:23:17,259 [INFO] [OVERRIDE1] supply-price-collapse-protect: kept in supply title=농협손보, ‘지역사회 릴레이 양파 나눔 캠페인’ 전개
2026-07-12 07:23:17,259 [INFO] [OVERRIDE1] supply-horti-protect: kept in supply title=농협손보, ‘지역사회 릴레이 양파 나눔 캠페인’ 전개
2026-07-12 07:23:17,571 [INFO] [OVERRIDE1] supply-horti-protect: kept in supply title=[최석현의 충청 속 세계]일본의 쌀 소동, 농산물 유통 구조 재편을 묻는...
2026-07-12 07:23:17,600 [INFO] [OVERRIDE1] supply-horti-protect: kept in supply title=옥천군농업기술센터, 이상기후 대응 ‘고품질 포도 생산’ 맞춤형 교육...
2026-07-12 07:23:17,692 [INFO] [OVERRIDE1] supply-price-collapse-protect: kept in supply title=김세훈 화천군수, 가락시장서 농산물 세일즈
2026-07-12 07:23:17,693 [INFO] [OVERRIDE1] supply-horti-protect: kept in supply title=김세훈 화천군수, 가락시장서 농산물 세일즈
2026-07-12 07:23:17,849 [INFO] [OVERRIDE1] supply-price-collapse-protect: kept in dist title=김세훈 화천군수, 가락시장서 농산물 세일즈
2026-07-12 07:23:17,850 [INFO] [OVERRIDE1] supply-horti-protect: kept in dist title=김세훈 화천군수, 가락시장서 농산물 세일즈
2026-07-12 07:23:18,099 [INFO] [OVERRIDE1] supply-price-collapse-protect: kept in dist title=농산물 값 하락에… 화천군수 직접 세일즈
2026-07-12 07:23:18,100 [INFO] [OVERRIDE1] supply-horti-protect: kept in dist title=농산물 값 하락에… 화천군수 직접 세일즈
2026-07-12 07:23:18,217 [INFO] [OVERRIDE1] supply-horti-protect: kept in dist title="생산비 폭등·농산물값 폭락 더는 못 버틴다"
2026-07-12 07:23:18,289 [INFO] [OVERRIDE1] supply-price-collapse-protect: kept in dist title=여름 과일값 숨통 트이나…복숭아· 포도 생산 늘며 가격 하락 전망
2026-07-12 07:23:18,289 [INFO] [OVERRIDE1] supply-horti-protect: kept in dist title=여름 과일값 숨통 트이나…복숭아· 포도 생산 늘며 가격 하락 전망
2026-07-12 07:23:19,703 [INFO] [REBALANCE] moved 7 item(s) from policy -> supply/dist (retail-trend + NH-field)
2026-07-12 07:23:23,809 [INFO] [REBALANCE] moved 15 item(s) by policy-like override: -> policy
2026-07-12 07:24:07,279 [INFO] [REASSIGN] moved 29 item(s) by global rescoring
2026-07-12 07:24:53,490 [INFO] [AUDIT] drop section=supply reason=agri_crime_incident_tail title="첫 수확도 못했는데‥" 농산물 절도 기승
2026-07-12 07:25:08,405 [INFO] [AUDIT] drop section=policy reason=policy_non_agri_foodservice_cost_noise title=유럽 폭염에 올리브유 가격 급등… 국내 치킨값 오르나
2026-07-12 07:25:26,801 [INFO] [AUDIT] drop section=dist reason=dist_reader_role_misfit title=청양군, '전국 유일 S급 프리미엄' 멜론 본격 출하… 올해 15억 매출 기...
2026-07-12 07:26:25,451 [INFO] [REBALANCE] promoted 2 program-core board story(s) into final supply
2026-07-12 07:26:25,469 [INFO] [AUDIT] drop section=supply reason=selection_feedback_core_fit title=NH농협손보, 양파 값 폭락에 팔 걷었다…농가·취약계층 동시 지원
2026-07-12 07:26:25,542 [INFO] [AUDIT] pruned 1 final item(s) after section normalization
2026-07-12 07:26:28,595 [INFO] [REBALANCE] recovered 2 supply underfill item(s) from raw pool
2026-07-12 07:26:30,413 [INFO] [REBALANCE] recovered 2 policy underfill item(s) from raw pool
2026-07-12 07:26:30,771 [INFO] [REBALANCE] dropped 1 optional weak policy macro tail item(s)
2026-07-12 07:26:45,408 [INFO] [REBALANCE] replaced 1 optional weak dist tail item(s)
2026-07-12 07:26:45,482 [INFO] [AUDIT] drop section=policy reason=selection_feedback_low_fit title=성추행·차별·저임금… 인권 사각지대에 놓인 외국인 요양보호사
2026-07-12 07:26:45,564 [INFO] [AUDIT] pruned 1 final item(s) after underfill recovery
2026-07-12 07:26:46,433 [INFO] [REBALANCE] replaced 2 weak pest tail item(s)
2026-07-12 07:26:47,561 [INFO] [REBALANCE] replaced 1 duplicate-theme pest tail item(s)
2026-07-12 07:26:59,655 [INFO] [REBALANCE] recovered 3 preferred-count tail item(s) from raw pool
2026-07-12 07:27:01,686 [INFO] [AUDIT] drop section=dist reason=selection_feedback_low_fit title=[더벨][VC 투자기업] 미스터아빠, IPO 준비 착수…AI 사업 본격화
2026-07-12 07:27:01,719 [INFO] [AUDIT] pruned 1 final item(s) after preferred-count recovery
2026-07-12 07:27:12,603 [INFO] [REBALANCE] refilled 1 preferred-count gap item(s) after final audit
2026-07-12 07:27:18,436 [INFO] [REBALANCE] editorial tail guard replaced supply=0 policy=0 dist=2 item(s)
2026-07-12 07:27:18,741 [INFO] [REBALANCE] editorial issue fallback replaced policy=2 supply=0 dist=0 item(s)
2026-07-12 07:27:24,270 [INFO] [AUDIT] drop section=dist reason=selection_feedback_low_fit title=강진농협, 2026년산 계약재배 쌀귀리 수매 실시
2026-07-12 07:27:24,359 [INFO] [REBALANCE] final quality sweep pruned 1 residual item(s)
2026-07-12 07:27:35,962 [INFO] [AUDIT] drop section=dist reason=selection_feedback_low_fit title=[더벨][VC 투자기업] 미스터아빠, IPO 준비 착수…AI 사업 본격화
2026-07-12 07:27:36,002 [INFO] [REBALANCE] post-sweep refilled 1 item(s), cleaned dupes=0 hard=0 audit=1
2026-07-12 07:27:37,609 [INFO] [REBALANCE] final relaxed preferred-count refill added 2 item(s), audit=0
2026-07-12 07:27:42,876 [INFO] [REBALANCE] publish quality guard repaired supply=0 policy=0 dist=1, refilled dist=0, supply-core=3, dist-core=0
2026-07-12 07:28:03,304 [INFO] [REBALANCE] final publish editorial selection repaired 9 visible card(s)
2026-07-12 07:28:03,579 [INFO] [AUDIT] drop section=dist reason=selection_feedback_core_fit title=강진농협, 2026년산 계약재배 쌀귀리 수매 실시
2026-07-12 07:28:20,481 [INFO] [REBALANCE] post-publish final hard sweep pruned=0/0 refilled=0/1 audit=1/0
2026-07-12 07:28:22,050 [INFO] [REBALANCE] post-publish editorial follow-up repaired 3 card/core target(s)
2026-07-12 07:28:45,511 [INFO] [REBALANCE] post-followup structural quality repaired 2 visible card(s)
2026-07-12 07:28:45,520 [INFO] [FINAL-EVENT-DEDUP] reason=same_commodity_quantity keep=[supply] 여름 제철 과일 복숭아· 포도 생산량 늘어 가격 하락 전망 | drop=[supply] 출하량 증가 영향…여름 대표 과일, 포도·복숭아 가격 하락
2026-07-12 07:28:45,585 [INFO] [FINAL-EVENT-DEDUP-REFILL] section=supply title=단양마늘 수확 완료… 수매가 ㎏당 1만500원 '껑충'
2026-07-12 07:28:45,611 [INFO] [REBALANCE] final event-level dedupe removed=1 refilled=1
2026-07-12 07:28:45,644 [INFO] [FINAL-RELEVANCE-SWAP] section=policy out=장바구니 물가 부담 가중… 정부, 가격 안정 '안간힘' | in=[미리보는 하반기 경제성장전략] 유가 꺾여도 3%대 물가…정부, '민생물...
2026-07-12 07:28:45,646 [INFO] [REBALANCE] final relevance swap replaced 1 card(s)
2026-07-12 07:28:45,912 [INFO] [FINAL-SOURCE-QUALITY] section=supply dropped excess tier1 without qualified replacement: NH농협손보, 양파 값 폭락에 팔 걷었다…농가·취약계층 동시 지원
2026-07-12 07:28:45,998 [INFO] [FINAL-SOURCE-QUALITY] section=dist out=[tier1:이로운넷] 청송 사과 협회, '청송 사과 발전 계획' 발표… AI 데이터 허브 구축·직거... | in=[tier2:농수축산신문] 전주원협 양파 대만 수출… 수급안정 총력
2026-07-12 07:28:46,131 [INFO] [FINAL-SOURCE-QUALITY] section=dist out=[tier1:매일산업뉴스] K-푸드가 연 길, K-농산물이 달린다…수출 전략 품목으로 부상 | in=[tier3:TV조선] 배는 이집트로, 포도는 호주 전 품종 수출 …K- 농산물 수출 길 확대
2026-07-12 07:28:46,569 [INFO] [FINAL-SOURCE-QUALITY] section=dist out=[tier1:폴리뉴스] "판로 걱정 덜겠다"... 고흥군 스마트 공급센터, 농산물 유통 거점 기대 | in=[tier3:연합뉴스] '햇마늘이 한가득'…경북 영천 마늘 경매
2026-07-12 07:28:46,570 [INFO] [REBALANCE] final source quality changed=4
2026-07-12 07:29:01,488 [INFO] [FINAL-EVENT-DEDUP] reason=same_commodity_quantity keep=[supply] 여름 제철 과일 복숭아· 포도 생산량 늘어 가격 하락 전망 | drop=[supply] 출하량 증가 영향…여름 대표 과일, 포도·복숭아 가격 하락
2026-07-12 07:29:01,534 [INFO] [FINAL-EVENT-DEDUP-REFILL] section=supply title=농협손보, 지역사회와 양파 나눔…릴레이 캠페인 전개
2026-07-12 07:29:01,538 [INFO] [FINAL-EVENT-DEDUP-REFILL] section=pest title=나주시, 과수화상병 유입 차단 총력…4차 방제 약제 공급
2026-07-12 07:29:01,727 [INFO] [FINAL-SOURCE-QUALITY] section=supply dropped excess tier1 without qualified replacement: 농협손보, 지역사회와 양파 나눔…릴레이 캠페인 전개
2026-07-12 07:29:15,654 [INFO] [REBALANCE] final reader quality changed=12 dedupe=1/2 source=1 reassert=8
2026-07-12 07:29:15,682 [INFO] [MAINT] replay_date 2026-07-07 window: 2026-07-06T06:00:00+09:00 ~ 2026-07-07T06:00:00+09:00
2026-07-12 07:29:15,682 [INFO] [STAGE] maintenance_publish start elapsed=422.3s {'action': 'maintenance replay_date', 'report_date': '2026-07-07'}
2026-07-12 07:29:15,683 [INFO] [STAGE] maintenance_publish_list_archives start elapsed=422.3s 
2026-07-12 07:29:15,824 [INFO] [STAGE] maintenance_publish_list_archives done elapsed=422.5s {'archive_count': 129}
2026-07-12 07:29:15,825 [INFO] [STAGE] maintenance_publish_render start elapsed=422.5s 
2026-07-12 07:29:18,466 [INFO] [STAGE] maintenance_publish_render done elapsed=425.1s {'html_bytes': 334658}
2026-07-12 07:29:18,467 [INFO] [STAGE] maintenance_publish_archive start elapsed=425.1s {'path': 'docs/archive/2026-07-07.html'}
2026-07-12 07:29:35,384 [INFO] [LOCAL DRY RUN] write C:\Users\reonw\Documents\GitHub\agri-news-brief\tmp\replay-final3-20260707\main\docs\archive\2026-07-07.html
2026-07-12 07:29:35,384 [INFO] [MAINT PUT] docs/archive/2026-07-07.html
2026-07-12 07:29:35,385 [INFO] [STAGE] maintenance_publish_archive done elapsed=442.0s {'path': 'docs/archive/2026-07-07.html'}
2026-07-12 07:29:35,385 [INFO] [STAGE] maintenance_publish_debug start elapsed=442.0s {'path': 'docs/debug/2026-07-07.json'}
2026-07-12 07:29:35,385 [INFO] [STAGE] maintenance_publish_fast_exit done elapsed=442.0s {'reason': 'local_dry_run_after_archive'}
2026-07-12 07:29:35,403 [INFO] [LOCAL DRY RUN] write C:\Users\reonw\Documents\GitHub\agri-news-brief\tmp\replay-final3-20260707\main\docs\debug\2026-07-07.json
2026-07-12 07:29:35,404 [INFO] [MAINT PUT] docs/debug/2026-07-07.json
2026-07-12 07:29:35,404 [INFO] [STAGE] maintenance_publish_debug done elapsed=442.0s {'path': 'docs/debug/2026-07-07.json'}
2026-07-12 07:29:35,405 [INFO] [LOCAL DRY RUN] fast exit after archive/debug publish; set LOCAL_DRY_RUN_FAST_EXIT_AFTER_ARCHIVE=0 to run index/manifest follow-up
<Objs Version="1.1.0.1" xmlns="http://schemas.microsoft.com/powershell/2004/04"><Obj S="progress" RefId="0"><TN RefId="0"><T>System.Management.Automation.PSCustomObject</T><T>System.Object</T></TN><MS><I64 N="SourceId">1</I64><PR N="Record"><AV>처음 사용하기 위해 모듈을 준비하는 중입니다.</AV><AI>0</AI><Nil /><PI>-1</PI><PC>-1</PC><T>Completed</T><SR>-1</SR><SD> </SD></PR></MS></Obj></Objs>